<?xml version="1.0" encoding="UTF-8"?>
<testsuite name="server.exchange.ExchangeServiceTests" tests="1" skipped="0" failures="0" errors="0" timestamp="2021-04-15T18:46:05" hostname="Hannahs-MacBook-Pro-2.local" time="0.038">
  <properties/>
  <testcase name="testExchangeRate()" classname="server.exchange.ExchangeServiceTests" time="0.038"/>
  <system-out><![CDATA[2021-04-15 13:46:03.890  INFO 6639 --- [    Test worker] .b.t.c.SpringBootTestContextBootstrapper : Neither @ContextConfiguration nor @ContextHierarchy found for test class [server.exchange.ExchangeServiceTests], using SpringBootContextLoader
2021-04-15 13:46:03.891  INFO 6639 --- [    Test worker] o.s.t.c.support.AbstractContextLoader    : Could not detect default resource locations for test class [server.exchange.ExchangeServiceTests]: no resource found for suffixes {-context.xml, Context.groovy}.
2021-04-15 13:46:03.892  INFO 6639 --- [    Test worker] t.c.s.AnnotationConfigContextLoaderUtils : Could not detect default configuration classes for test class [server.exchange.ExchangeServiceTests]: ExchangeServiceTests does not declare any static, non-private, non-final, nested classes annotated with @Configuration.
2021-04-15 13:46:03.908  INFO 6639 --- [    Test worker] .b.t.c.SpringBootTestContextBootstrapper : Found @SpringBootConfiguration server.HotelApplication for test class server.exchange.ExchangeServiceTests
2021-04-15 13:46:03.915  INFO 6639 --- [    Test worker] .b.t.c.SpringBootTestContextBootstrapper : Loaded default TestExecutionListener class names from location [META-INF/spring.factories]: [org.springframework.security.test.context.support.WithSecurityContextTestExecutionListener, org.springframework.security.test.context.support.ReactorContextTestExecutionListener, org.springframework.boot.test.autoconfigure.restdocs.RestDocsTestExecutionListener, org.springframework.boot.test.autoconfigure.web.client.MockRestServiceServerResetTestExecutionListener, org.springframework.boot.test.autoconfigure.web.servlet.MockMvcPrintOnlyOnFailureTestExecutionListener, org.springframework.boot.test.autoconfigure.web.servlet.WebDriverTestExecutionListener, org.springframework.boot.test.autoconfigure.webservices.client.MockWebServiceServerTestExecutionListener, org.springframework.boot.test.mock.mockito.MockitoTestExecutionListener, org.springframework.boot.test.mock.mockito.ResetMocksTestExecutionListener, org.springframework.test.context.web.ServletTestExecutionListener, org.springframework.test.context.support.DirtiesContextBeforeModesTestExecutionListener, org.springframework.test.context.event.ApplicationEventsTestExecutionListener, org.springframework.test.context.support.DependencyInjectionTestExecutionListener, org.springframework.test.context.support.DirtiesContextTestExecutionListener, org.springframework.test.context.transaction.TransactionalTestExecutionListener, org.springframework.test.context.jdbc.SqlScriptsTestExecutionListener, org.springframework.test.context.event.EventPublishingTestExecutionListener]
2021-04-15 13:46:03.916  INFO 6639 --- [    Test worker] .b.t.c.SpringBootTestContextBootstrapper : Using TestExecutionListeners: [org.springframework.test.context.web.ServletTestExecutionListener@540d917a, org.springframework.test.context.support.DirtiesContextBeforeModesTestExecutionListener@cfb3606, org.springframework.test.context.event.ApplicationEventsTestExecutionListener@29154d2d, org.springframework.boot.test.mock.mockito.MockitoTestExecutionListener@4bbf2fa9, org.springframework.boot.test.autoconfigure.SpringBootDependencyInjectionTestExecutionListener@7381f1e5, org.springframework.test.context.support.DirtiesContextTestExecutionListener@261fb295, org.springframework.test.context.transaction.TransactionalTestExecutionListener@2560ff5e, org.springframework.test.context.jdbc.SqlScriptsTestExecutionListener@17904e3c, org.springframework.security.test.context.support.WithSecurityContextTestExecutionListener@6be28bf2, org.springframework.test.context.event.EventPublishingTestExecutionListener@30320701, org.springframework.security.test.context.support.ReactorContextTestExecutionListener@120a8456, org.springframework.boot.test.autoconfigure.restdocs.RestDocsTestExecutionListener@7fec985, org.springframework.boot.test.autoconfigure.web.client.MockRestServiceServerResetTestExecutionListener@78bc6f93, org.springframework.boot.test.autoconfigure.web.servlet.MockMvcPrintOnlyOnFailureTestExecutionListener@5896758a, org.springframework.boot.test.autoconfigure.web.servlet.WebDriverTestExecutionListener@1ef872fa, org.springframework.boot.test.autoconfigure.webservices.client.MockWebServiceServerTestExecutionListener@6fbb3241, org.springframework.boot.test.mock.mockito.ResetMocksTestExecutionListener@746008d2]

  .   ____          _            __ _ _
 /\\ / ___'_ __ _ _(_)_ __  __ _ \ \ \ \
( ( )\___ | '_ | '_| | '_ \/ _` | \ \ \ \
 \\/  ___)| |_)| | | | | || (_| |  ) ) ) )
  '  |____| .__|_| |_|_| |_\__, | / / / /
 =========|_|==============|___/=/_/_/_/
 :: Spring Boot ::                (v2.4.3)

2021-04-15 13:46:03.946  INFO 6639 --- [    Test worker] server.exchange.ExchangeServiceTests     : Starting ExchangeServiceTests using Java 11.0.10 on Hannahs-MacBook-Pro-2.local with PID 6639 (started by hannahschrager in /Users/hannahschrager/Desktop/Independent Study/hotel-listings/server)
2021-04-15 13:46:03.947  INFO 6639 --- [    Test worker] server.exchange.ExchangeServiceTests     : No active profile set, falling back to default profiles: default
2021-04-15 13:46:04.141  INFO 6639 --- [    Test worker] .s.d.r.c.RepositoryConfigurationDelegate : Bootstrapping Spring Data JPA repositories in DEFAULT mode.
2021-04-15 13:46:04.159  INFO 6639 --- [    Test worker] .s.d.r.c.RepositoryConfigurationDelegate : Finished Spring Data repository scanning in 17 ms. Found 3 JPA repository interfaces.
2021-04-15 13:46:04.566  INFO 6639 --- [    Test worker] o.hibernate.jpa.internal.util.LogHelper  : HHH000204: Processing PersistenceUnitInfo [name: default]
2021-04-15 13:46:04.574  INFO 6639 --- [    Test worker] com.zaxxer.hikari.HikariDataSource       : HikariPool-2 - Starting...
2021-04-15 13:46:04.575  INFO 6639 --- [    Test worker] com.zaxxer.hikari.HikariDataSource       : HikariPool-2 - Start completed.
2021-04-15 13:46:04.576  INFO 6639 --- [    Test worker] org.hibernate.dialect.Dialect            : HHH000400: Using dialect: org.hibernate.dialect.H2Dialect
2021-04-15 13:46:04.618  INFO 6639 --- [    Test worker] o.h.e.t.j.p.i.JtaPlatformInitiator       : HHH000490: Using JtaPlatform implementation: [org.hibernate.engine.transaction.jta.platform.internal.NoJtaPlatform]
2021-04-15 13:46:04.619  INFO 6639 --- [    Test worker] j.LocalContainerEntityManagerFactoryBean : Initialized JPA EntityManagerFactory for persistence unit 'default'
2021-04-15 13:46:04.660  WARN 6639 --- [    Test worker] JpaBaseConfiguration$JpaWebConfiguration : spring.jpa.open-in-view is enabled by default. Therefore, database queries may be performed during view rendering. Explicitly configure spring.jpa.open-in-view to disable this warning
2021-04-15 13:46:05.116  INFO 6639 --- [    Test worker] o.s.s.web.DefaultSecurityFilterChain     : Will secure Or [Ant [pattern='/oauth/token'], Ant [pattern='/oauth/token_key'], Ant [pattern='/oauth/check_token']] with [org.springframework.security.web.context.request.async.WebAsyncManagerIntegrationFilter@3787184c, org.springframework.security.web.context.SecurityContextPersistenceFilter@8127618, org.springframework.security.web.header.HeaderWriterFilter@174d143d, org.springframework.security.web.authentication.logout.LogoutFilter@58cdff21, org.springframework.security.oauth2.provider.client.ClientCredentialsTokenEndpointFilter@1be4c554, org.springframework.security.web.authentication.www.BasicAuthenticationFilter@19c21e5f, org.springframework.security.web.savedrequest.RequestCacheAwareFilter@41b412b, org.springframework.security.web.servletapi.SecurityContextHolderAwareRequestFilter@7b884169, org.springframework.security.web.authentication.AnonymousAuthenticationFilter@d6be332, org.springframework.security.web.session.SessionManagementFilter@5f0ce900, org.springframework.security.web.access.ExceptionTranslationFilter@4199a382, org.springframework.security.web.access.intercept.FilterSecurityInterceptor@17d0ee8a]
2021-04-15 13:46:05.135  INFO 6639 --- [    Test worker] o.s.s.web.DefaultSecurityFilterChain     : Will secure Or [Ant [pattern='/login'], Ant [pattern='/oauth/authorize']] with [org.springframework.security.web.context.request.async.WebAsyncManagerIntegrationFilter@1059ab56, org.springframework.security.web.context.SecurityContextPersistenceFilter@a1c4d46, org.springframework.security.web.header.HeaderWriterFilter@5cb95453, org.springframework.security.web.csrf.CsrfFilter@edac8bd, org.springframework.security.web.authentication.logout.LogoutFilter@56fb774f, org.springframework.security.web.authentication.UsernamePasswordAuthenticationFilter@4cc04a30, org.springframework.security.web.authentication.ui.DefaultLoginPageGeneratingFilter@bfb8b49, org.springframework.security.web.authentication.ui.DefaultLogoutPageGeneratingFilter@5a1a9ecb, org.springframework.security.web.savedrequest.RequestCacheAwareFilter@1064a9ef, org.springframework.security.web.servletapi.SecurityContextHolderAwareRequestFilter@6e97c7c, org.springframework.security.web.authentication.AnonymousAuthenticationFilter@4c71358e, org.springframework.security.web.session.SessionManagementFilter@525bf890, org.springframework.security.web.access.ExceptionTranslationFilter@751dfffd, org.springframework.security.web.access.intercept.FilterSecurityInterceptor@2ad7855b]
2021-04-15 13:46:05.143  INFO 6639 --- [    Test worker] o.s.s.web.DefaultSecurityFilterChain     : Will secure org.springframework.security.oauth2.config.annotation.web.configuration.ResourceServerConfiguration$NotOAuthRequestMatcher@faba0fb with [org.springframework.security.web.context.request.async.WebAsyncManagerIntegrationFilter@27edf6e7, org.springframework.security.web.context.SecurityContextPersistenceFilter@a2e3db9, org.springframework.security.web.header.HeaderWriterFilter@7a98a774, org.springframework.security.web.authentication.logout.LogoutFilter@3d1da0c6, org.springframework.security.oauth2.provider.authentication.OAuth2AuthenticationProcessingFilter@5d8a3553, org.springframework.security.web.savedrequest.RequestCacheAwareFilter@7b4205cc, org.springframework.security.web.servletapi.SecurityContextHolderAwareRequestFilter@445ebed7, org.springframework.security.web.authentication.AnonymousAuthenticationFilter@128f7de1, org.springframework.security.web.session.SessionManagementFilter@38b749d3, org.springframework.security.web.access.ExceptionTranslationFilter@39b90494, org.springframework.security.web.access.intercept.FilterSecurityInterceptor@3872d75]
2021-04-15 13:46:05.294  INFO 6639 --- [    Test worker] o.s.s.concurrent.ThreadPoolTaskExecutor  : Initializing ExecutorService 'applicationTaskExecutor'
2021-04-15 13:46:05.312  INFO 6639 --- [    Test worker] o.s.b.a.h2.H2ConsoleAutoConfiguration    : H2 console available at '/h2-console'. Database available at 'jdbc:h2:mem:db'
2021-04-15 13:46:05.499  INFO 6639 --- [    Test worker] server.exchange.ExchangeServiceTests     : Started ExchangeServiceTests in 1.58 seconds (JVM running for 11.38)
]]></system-out>
  <system-err><![CDATA[]]></system-err>
</testsuite>
