<?xml version="1.0" encoding="UTF-8"?>
<testsuite name="server.hotel.HotelServiceTests" tests="2" skipped="0" failures="0" errors="0" timestamp="2021-04-09T20:50:41" hostname="Hannahs-MacBook-Pro-2.local" time="0.016">
  <properties/>
  <testcase name="testFindHotelsByCityAndStateAndCountry()" classname="server.hotel.HotelServiceTests" time="0.008"/>
  <testcase name="testFindAllHotels()" classname="server.hotel.HotelServiceTests" time="0.006"/>
  <system-out><![CDATA[2021-04-09 15:50:38.826  INFO 37592 --- [    Test worker] .b.t.c.SpringBootTestContextBootstrapper : Neither @ContextConfiguration nor @ContextHierarchy found for test class [server.hotel.HotelServiceTests], using SpringBootContextLoader
2021-04-09 15:50:38.827  INFO 37592 --- [    Test worker] o.s.t.c.support.AbstractContextLoader    : Could not detect default resource locations for test class [server.hotel.HotelServiceTests]: no resource found for suffixes {-context.xml, Context.groovy}.
2021-04-09 15:50:38.827  INFO 37592 --- [    Test worker] t.c.s.AnnotationConfigContextLoaderUtils : Could not detect default configuration classes for test class [server.hotel.HotelServiceTests]: HotelServiceTests does not declare any static, non-private, non-final, nested classes annotated with @Configuration.
2021-04-09 15:50:38.841  INFO 37592 --- [    Test worker] .b.t.c.SpringBootTestContextBootstrapper : Found @SpringBootConfiguration server.HotelApplication for test class server.hotel.HotelServiceTests
2021-04-09 15:50:38.845  INFO 37592 --- [    Test worker] .b.t.c.SpringBootTestContextBootstrapper : Loaded default TestExecutionListener class names from location [META-INF/spring.factories]: [org.springframework.security.test.context.support.WithSecurityContextTestExecutionListener, org.springframework.security.test.context.support.ReactorContextTestExecutionListener, org.springframework.boot.test.autoconfigure.restdocs.RestDocsTestExecutionListener, org.springframework.boot.test.autoconfigure.web.client.MockRestServiceServerResetTestExecutionListener, org.springframework.boot.test.autoconfigure.web.servlet.MockMvcPrintOnlyOnFailureTestExecutionListener, org.springframework.boot.test.autoconfigure.web.servlet.WebDriverTestExecutionListener, org.springframework.boot.test.autoconfigure.webservices.client.MockWebServiceServerTestExecutionListener, org.springframework.boot.test.mock.mockito.MockitoTestExecutionListener, org.springframework.boot.test.mock.mockito.ResetMocksTestExecutionListener, org.springframework.test.context.web.ServletTestExecutionListener, org.springframework.test.context.support.DirtiesContextBeforeModesTestExecutionListener, org.springframework.test.context.event.ApplicationEventsTestExecutionListener, org.springframework.test.context.support.DependencyInjectionTestExecutionListener, org.springframework.test.context.support.DirtiesContextTestExecutionListener, org.springframework.test.context.transaction.TransactionalTestExecutionListener, org.springframework.test.context.jdbc.SqlScriptsTestExecutionListener, org.springframework.test.context.event.EventPublishingTestExecutionListener]
2021-04-09 15:50:38.846  INFO 37592 --- [    Test worker] .b.t.c.SpringBootTestContextBootstrapper : Using TestExecutionListeners: [org.springframework.test.context.web.ServletTestExecutionListener@23086135, org.springframework.test.context.support.DirtiesContextBeforeModesTestExecutionListener@260ee62c, org.springframework.test.context.event.ApplicationEventsTestExecutionListener@46328bb9, org.springframework.boot.test.mock.mockito.MockitoTestExecutionListener@61f55ab7, org.springframework.boot.test.autoconfigure.SpringBootDependencyInjectionTestExecutionListener@1148e75, org.springframework.test.context.support.DirtiesContextTestExecutionListener@507a37fd, org.springframework.test.context.transaction.TransactionalTestExecutionListener@2c71108, org.springframework.test.context.jdbc.SqlScriptsTestExecutionListener@49acc305, org.springframework.security.test.context.support.WithSecurityContextTestExecutionListener@6c6e9b63, org.springframework.test.context.event.EventPublishingTestExecutionListener@6d2a8ccc, org.springframework.security.test.context.support.ReactorContextTestExecutionListener@57df8f30, org.springframework.boot.test.autoconfigure.restdocs.RestDocsTestExecutionListener@78c4da25, org.springframework.boot.test.autoconfigure.web.client.MockRestServiceServerResetTestExecutionListener@6069f3dd, org.springframework.boot.test.autoconfigure.web.servlet.MockMvcPrintOnlyOnFailureTestExecutionListener@599c4ff0, org.springframework.boot.test.autoconfigure.web.servlet.WebDriverTestExecutionListener@7291edfc, org.springframework.boot.test.autoconfigure.webservices.client.MockWebServiceServerTestExecutionListener@2c5a1479, org.springframework.boot.test.mock.mockito.ResetMocksTestExecutionListener@302fd34]

  .   ____          _            __ _ _
 /\\ / ___'_ __ _ _(_)_ __  __ _ \ \ \ \
( ( )\___ | '_ | '_| | '_ \/ _` | \ \ \ \
 \\/  ___)| |_)| | | | | || (_| |  ) ) ) )
  '  |____| .__|_| |_|_| |_\__, | / / / /
 =========|_|==============|___/=/_/_/_/
 :: Spring Boot ::                (v2.4.3)

2021-04-09 15:50:38.873  INFO 37592 --- [    Test worker] server.hotel.HotelServiceTests           : Starting HotelServiceTests using Java 11.0.10 on Hannahs-MacBook-Pro-2.local with PID 37592 (started by hannahschrager in /Users/hannahschrager/Desktop/Independent Study/hotel-listings/server)
2021-04-09 15:50:38.874  INFO 37592 --- [    Test worker] server.hotel.HotelServiceTests           : No active profile set, falling back to default profiles: default
2021-04-09 15:50:39.098  INFO 37592 --- [    Test worker] .s.d.r.c.RepositoryConfigurationDelegate : Bootstrapping Spring Data JPA repositories in DEFAULT mode.
2021-04-09 15:50:39.127  INFO 37592 --- [    Test worker] .s.d.r.c.RepositoryConfigurationDelegate : Finished Spring Data repository scanning in 28 ms. Found 3 JPA repository interfaces.
2021-04-09 15:50:39.403  INFO 37592 --- [    Test worker] trationDelegate$BeanPostProcessorChecker : Bean 'org.springframework.security.access.expression.method.DefaultMethodSecurityExpressionHandler@2f02e89b' of type [org.springframework.security.access.expression.method.DefaultMethodSecurityExpressionHandler] is not eligible for getting processed by all BeanPostProcessors (for example: not eligible for auto-proxying)
2021-04-09 15:50:39.416  INFO 37592 --- [    Test worker] trationDelegate$BeanPostProcessorChecker : Bean 'methodSecurityMetadataSource' of type [org.springframework.security.access.method.DelegatingMethodSecurityMetadataSource] is not eligible for getting processed by all BeanPostProcessors (for example: not eligible for auto-proxying)
2021-04-09 15:50:39.509  INFO 37592 --- [    Test worker] com.zaxxer.hikari.HikariDataSource       : HikariPool-3 - Starting...
2021-04-09 15:50:39.515  INFO 37592 --- [    Test worker] com.zaxxer.hikari.HikariDataSource       : HikariPool-3 - Start completed.
2021-04-09 15:50:39.548  INFO 37592 --- [    Test worker] o.hibernate.jpa.internal.util.LogHelper  : HHH000204: Processing PersistenceUnitInfo [name: default]
2021-04-09 15:50:39.561  INFO 37592 --- [    Test worker] org.hibernate.dialect.Dialect            : HHH000400: Using dialect: org.hibernate.dialect.H2Dialect
2021-04-09 15:50:39.605  INFO 37592 --- [    Test worker] o.h.e.t.j.p.i.JtaPlatformInitiator       : HHH000490: Using JtaPlatform implementation: [org.hibernate.engine.transaction.jta.platform.internal.NoJtaPlatform]
2021-04-09 15:50:39.606  INFO 37592 --- [    Test worker] j.LocalContainerEntityManagerFactoryBean : Initialized JPA EntityManagerFactory for persistence unit 'default'
2021-04-09 15:50:39.681  WARN 37592 --- [    Test worker] JpaBaseConfiguration$JpaWebConfiguration : spring.jpa.open-in-view is enabled by default. Therefore, database queries may be performed during view rendering. Explicitly configure spring.jpa.open-in-view to disable this warning
Admin User: admin
Admin Pass: KvP97wqIdDLfDFg4vc22sn7q
Test User: user
User Pass: pass
2021-04-09 15:50:40.053  INFO 37592 --- [    Test worker] o.s.s.p.JdbcUserDetailsManager           : No authentication manager set. Reauthentication of users when changing passwords will not be performed.
2021-04-09 15:50:40.412  INFO 37592 --- [    Test worker] o.s.s.web.DefaultSecurityFilterChain     : Will secure any request with [org.springframework.security.web.context.request.async.WebAsyncManagerIntegrationFilter@2aedacea, org.springframework.security.web.context.SecurityContextPersistenceFilter@774de1d, org.springframework.security.web.header.HeaderWriterFilter@ea991c, org.springframework.security.web.csrf.CsrfFilter@28e1e546, org.springframework.security.web.authentication.logout.LogoutFilter@405ee9e5, org.springframework.security.web.authentication.www.BasicAuthenticationFilter@29adaa0d, org.springframework.security.web.savedrequest.RequestCacheAwareFilter@53d7962b, org.springframework.security.web.servletapi.SecurityContextHolderAwareRequestFilter@721d734, org.springframework.security.web.authentication.AnonymousAuthenticationFilter@5a092f81, org.springframework.security.web.session.SessionManagementFilter@2018c48d, org.springframework.security.web.access.ExceptionTranslationFilter@344c1777, org.springframework.security.web.access.intercept.FilterSecurityInterceptor@37540b83]
2021-04-09 15:50:40.705  INFO 37592 --- [    Test worker] o.s.s.concurrent.ThreadPoolTaskExecutor  : Initializing ExecutorService 'applicationTaskExecutor'
2021-04-09 15:50:41.083  INFO 37592 --- [    Test worker] server.hotel.HotelServiceTests           : Started HotelServiceTests in 2.232 seconds (JVM running for 15.452)
]]></system-out>
  <system-err><![CDATA[]]></system-err>
</testsuite>
