<?xml version="1.0" encoding="UTF-8"?>
<testsuite name="server.hotel.HotelServiceTests" tests="2" skipped="0" failures="0" errors="0" timestamp="2021-04-15T18:18:46" hostname="Hannahs-MacBook-Pro-2.local" time="0.011">
  <properties/>
  <testcase name="testFindHotelsByCityAndStateAndCountry()" classname="server.hotel.HotelServiceTests" time="0.005"/>
  <testcase name="testFindAllHotels()" classname="server.hotel.HotelServiceTests" time="0.005"/>
  <system-out><![CDATA[2021-04-15 13:18:44.594  INFO 6421 --- [    Test worker] .b.t.c.SpringBootTestContextBootstrapper : Neither @ContextConfiguration nor @ContextHierarchy found for test class [server.hotel.HotelServiceTests], using SpringBootContextLoader
2021-04-15 13:18:44.596  INFO 6421 --- [    Test worker] o.s.t.c.support.AbstractContextLoader    : Could not detect default resource locations for test class [server.hotel.HotelServiceTests]: no resource found for suffixes {-context.xml, Context.groovy}.
2021-04-15 13:18:44.597  INFO 6421 --- [    Test worker] t.c.s.AnnotationConfigContextLoaderUtils : Could not detect default configuration classes for test class [server.hotel.HotelServiceTests]: HotelServiceTests does not declare any static, non-private, non-final, nested classes annotated with @Configuration.
2021-04-15 13:18:44.611  INFO 6421 --- [    Test worker] .b.t.c.SpringBootTestContextBootstrapper : Found @SpringBootConfiguration server.HotelApplication for test class server.hotel.HotelServiceTests
2021-04-15 13:18:44.616  INFO 6421 --- [    Test worker] .b.t.c.SpringBootTestContextBootstrapper : Loaded default TestExecutionListener class names from location [META-INF/spring.factories]: [org.springframework.security.test.context.support.WithSecurityContextTestExecutionListener, org.springframework.security.test.context.support.ReactorContextTestExecutionListener, org.springframework.boot.test.autoconfigure.restdocs.RestDocsTestExecutionListener, org.springframework.boot.test.autoconfigure.web.client.MockRestServiceServerResetTestExecutionListener, org.springframework.boot.test.autoconfigure.web.servlet.MockMvcPrintOnlyOnFailureTestExecutionListener, org.springframework.boot.test.autoconfigure.web.servlet.WebDriverTestExecutionListener, org.springframework.boot.test.autoconfigure.webservices.client.MockWebServiceServerTestExecutionListener, org.springframework.boot.test.mock.mockito.MockitoTestExecutionListener, org.springframework.boot.test.mock.mockito.ResetMocksTestExecutionListener, org.springframework.test.context.web.ServletTestExecutionListener, org.springframework.test.context.support.DirtiesContextBeforeModesTestExecutionListener, org.springframework.test.context.event.ApplicationEventsTestExecutionListener, org.springframework.test.context.support.DependencyInjectionTestExecutionListener, org.springframework.test.context.support.DirtiesContextTestExecutionListener, org.springframework.test.context.transaction.TransactionalTestExecutionListener, org.springframework.test.context.jdbc.SqlScriptsTestExecutionListener, org.springframework.test.context.event.EventPublishingTestExecutionListener]
2021-04-15 13:18:44.618  INFO 6421 --- [    Test worker] .b.t.c.SpringBootTestContextBootstrapper : Using TestExecutionListeners: [org.springframework.test.context.web.ServletTestExecutionListener@2cdb2cb2, org.springframework.test.context.support.DirtiesContextBeforeModesTestExecutionListener@47973582, org.springframework.test.context.event.ApplicationEventsTestExecutionListener@51e99589, org.springframework.boot.test.mock.mockito.MockitoTestExecutionListener@361632e, org.springframework.boot.test.autoconfigure.SpringBootDependencyInjectionTestExecutionListener@762a714c, org.springframework.test.context.support.DirtiesContextTestExecutionListener@86f612e, org.springframework.test.context.transaction.TransactionalTestExecutionListener@15b7f877, org.springframework.test.context.jdbc.SqlScriptsTestExecutionListener@1d4781fc, org.springframework.security.test.context.support.WithSecurityContextTestExecutionListener@38c23309, org.springframework.test.context.event.EventPublishingTestExecutionListener@4bd7432e, org.springframework.security.test.context.support.ReactorContextTestExecutionListener@61897e63, org.springframework.boot.test.autoconfigure.restdocs.RestDocsTestExecutionListener@40e05bcf, org.springframework.boot.test.autoconfigure.web.client.MockRestServiceServerResetTestExecutionListener@699372a1, org.springframework.boot.test.autoconfigure.web.servlet.MockMvcPrintOnlyOnFailureTestExecutionListener@18ac828e, org.springframework.boot.test.autoconfigure.web.servlet.WebDriverTestExecutionListener@32fc8d9e, org.springframework.boot.test.autoconfigure.webservices.client.MockWebServiceServerTestExecutionListener@7080862d, org.springframework.boot.test.mock.mockito.ResetMocksTestExecutionListener@274e4e6]

  .   ____          _            __ _ _
 /\\ / ___'_ __ _ _(_)_ __  __ _ \ \ \ \
( ( )\___ | '_ | '_| | '_ \/ _` | \ \ \ \
 \\/  ___)| |_)| | | | | || (_| |  ) ) ) )
  '  |____| .__|_| |_|_| |_\__, | / / / /
 =========|_|==============|___/=/_/_/_/
 :: Spring Boot ::                (v2.4.3)

2021-04-15 13:18:44.658  INFO 6421 --- [    Test worker] server.hotel.HotelServiceTests           : Starting HotelServiceTests using Java 11.0.10 on Hannahs-MacBook-Pro-2.local with PID 6421 (started by hannahschrager in /Users/hannahschrager/Desktop/Independent Study/hotel-listings/server)
2021-04-15 13:18:44.662  INFO 6421 --- [    Test worker] server.hotel.HotelServiceTests           : No active profile set, falling back to default profiles: default
2021-04-15 13:18:44.912  INFO 6421 --- [    Test worker] .s.d.r.c.RepositoryConfigurationDelegate : Bootstrapping Spring Data JPA repositories in DEFAULT mode.
2021-04-15 13:18:44.935  INFO 6421 --- [    Test worker] .s.d.r.c.RepositoryConfigurationDelegate : Finished Spring Data repository scanning in 22 ms. Found 3 JPA repository interfaces.
2021-04-15 13:18:45.178  INFO 6421 --- [    Test worker] o.hibernate.jpa.internal.util.LogHelper  : HHH000204: Processing PersistenceUnitInfo [name: default]
2021-04-15 13:18:45.182  INFO 6421 --- [    Test worker] com.zaxxer.hikari.HikariDataSource       : HikariPool-2 - Starting...
2021-04-15 13:18:45.184  INFO 6421 --- [    Test worker] com.zaxxer.hikari.HikariDataSource       : HikariPool-2 - Start completed.
2021-04-15 13:18:45.184  INFO 6421 --- [    Test worker] org.hibernate.dialect.Dialect            : HHH000400: Using dialect: org.hibernate.dialect.H2Dialect
2021-04-15 13:18:45.221  INFO 6421 --- [    Test worker] o.h.e.t.j.p.i.JtaPlatformInitiator       : HHH000490: Using JtaPlatform implementation: [org.hibernate.engine.transaction.jta.platform.internal.NoJtaPlatform]
2021-04-15 13:18:45.221  INFO 6421 --- [    Test worker] j.LocalContainerEntityManagerFactoryBean : Initialized JPA EntityManagerFactory for persistence unit 'default'
2021-04-15 13:18:45.270  WARN 6421 --- [    Test worker] JpaBaseConfiguration$JpaWebConfiguration : spring.jpa.open-in-view is enabled by default. Therefore, database queries may be performed during view rendering. Explicitly configure spring.jpa.open-in-view to disable this warning
2021-04-15 13:18:45.659  INFO 6421 --- [    Test worker] o.s.s.web.DefaultSecurityFilterChain     : Will secure Or [Ant [pattern='/oauth/token'], Ant [pattern='/oauth/token_key'], Ant [pattern='/oauth/check_token']] with [org.springframework.security.web.context.request.async.WebAsyncManagerIntegrationFilter@2ba462bc, org.springframework.security.web.context.SecurityContextPersistenceFilter@7176a655, org.springframework.security.web.header.HeaderWriterFilter@3aa175a8, org.springframework.security.web.authentication.logout.LogoutFilter@efceedc, org.springframework.security.oauth2.provider.client.ClientCredentialsTokenEndpointFilter@12024558, org.springframework.security.web.authentication.www.BasicAuthenticationFilter@3f9490a5, org.springframework.security.web.savedrequest.RequestCacheAwareFilter@63616edb, org.springframework.security.web.servletapi.SecurityContextHolderAwareRequestFilter@525c4b2a, org.springframework.security.web.authentication.AnonymousAuthenticationFilter@3cac0316, org.springframework.security.web.session.SessionManagementFilter@41db3c7d, org.springframework.security.web.access.ExceptionTranslationFilter@405a5be3, org.springframework.security.web.access.intercept.FilterSecurityInterceptor@6edf9c92]
2021-04-15 13:18:45.677  INFO 6421 --- [    Test worker] o.s.s.web.DefaultSecurityFilterChain     : Will secure Or [Ant [pattern='/login'], Ant [pattern='/oauth/authorize']] with [org.springframework.security.web.context.request.async.WebAsyncManagerIntegrationFilter@60fcfc6b, org.springframework.security.web.context.SecurityContextPersistenceFilter@392a09dd, org.springframework.security.web.header.HeaderWriterFilter@3308f320, org.springframework.security.web.csrf.CsrfFilter@2f7c12a6, org.springframework.security.web.authentication.logout.LogoutFilter@1936c3ab, org.springframework.security.web.authentication.UsernamePasswordAuthenticationFilter@3ebd59df, org.springframework.security.web.authentication.ui.DefaultLoginPageGeneratingFilter@7f8f9d76, org.springframework.security.web.authentication.ui.DefaultLogoutPageGeneratingFilter@9b4bdbd, org.springframework.security.web.savedrequest.RequestCacheAwareFilter@1b12852d, org.springframework.security.web.servletapi.SecurityContextHolderAwareRequestFilter@6f77e49c, org.springframework.security.web.authentication.AnonymousAuthenticationFilter@1aa5ee52, org.springframework.security.web.session.SessionManagementFilter@768ccc88, org.springframework.security.web.access.ExceptionTranslationFilter@2790b144, org.springframework.security.web.access.intercept.FilterSecurityInterceptor@23c61889]
2021-04-15 13:18:45.686  INFO 6421 --- [    Test worker] o.s.s.web.DefaultSecurityFilterChain     : Will secure org.springframework.security.oauth2.config.annotation.web.configuration.ResourceServerConfiguration$NotOAuthRequestMatcher@23033bfd with [org.springframework.security.web.context.request.async.WebAsyncManagerIntegrationFilter@66514240, org.springframework.security.web.context.SecurityContextPersistenceFilter@60dd4d81, org.springframework.security.web.header.HeaderWriterFilter@b74b400, org.springframework.security.web.authentication.logout.LogoutFilter@13a50dac, org.springframework.security.oauth2.provider.authentication.OAuth2AuthenticationProcessingFilter@118f9935, org.springframework.security.web.savedrequest.RequestCacheAwareFilter@4d93a682, org.springframework.security.web.servletapi.SecurityContextHolderAwareRequestFilter@6369df84, org.springframework.security.web.authentication.AnonymousAuthenticationFilter@6da26e37, org.springframework.security.web.session.SessionManagementFilter@32a91486, org.springframework.security.web.access.ExceptionTranslationFilter@12c7f48c, org.springframework.security.web.access.intercept.FilterSecurityInterceptor@4ea8452c]
2021-04-15 13:18:45.846  INFO 6421 --- [    Test worker] o.s.s.concurrent.ThreadPoolTaskExecutor  : Initializing ExecutorService 'applicationTaskExecutor'
2021-04-15 13:18:45.866  INFO 6421 --- [    Test worker] o.s.b.a.h2.H2ConsoleAutoConfiguration    : H2 console available at '/h2-console'. Database available at 'jdbc:h2:mem:db'
2021-04-15 13:18:46.039  INFO 6421 --- [    Test worker] server.hotel.HotelServiceTests           : Started HotelServiceTests in 1.416 seconds (JVM running for 7.657)
]]></system-out>
  <system-err><![CDATA[]]></system-err>
</testsuite>
