<?xml version="1.0" encoding="UTF-8"?>
<testsuite name="server.hotel.HotelServiceTests" tests="2" skipped="0" failures="0" errors="0" timestamp="2021-04-15T18:46:09" hostname="Hannahs-MacBook-Pro-2.local" time="0.009">
  <properties/>
  <testcase name="testFindHotelsByCityAndStateAndCountry()" classname="server.hotel.HotelServiceTests" time="0.005"/>
  <testcase name="testFindAllHotels()" classname="server.hotel.HotelServiceTests" time="0.004"/>
  <system-out><![CDATA[2021-04-15 13:46:08.339  INFO 6639 --- [    Test worker] .b.t.c.SpringBootTestContextBootstrapper : Neither @ContextConfiguration nor @ContextHierarchy found for test class [server.hotel.HotelServiceTests], using SpringBootContextLoader
2021-04-15 13:46:08.340  INFO 6639 --- [    Test worker] o.s.t.c.support.AbstractContextLoader    : Could not detect default resource locations for test class [server.hotel.HotelServiceTests]: no resource found for suffixes {-context.xml, Context.groovy}.
2021-04-15 13:46:08.340  INFO 6639 --- [    Test worker] t.c.s.AnnotationConfigContextLoaderUtils : Could not detect default configuration classes for test class [server.hotel.HotelServiceTests]: HotelServiceTests does not declare any static, non-private, non-final, nested classes annotated with @Configuration.
2021-04-15 13:46:08.358  INFO 6639 --- [    Test worker] .b.t.c.SpringBootTestContextBootstrapper : Found @SpringBootConfiguration server.HotelApplication for test class server.hotel.HotelServiceTests
2021-04-15 13:46:08.360  INFO 6639 --- [    Test worker] .b.t.c.SpringBootTestContextBootstrapper : Loaded default TestExecutionListener class names from location [META-INF/spring.factories]: [org.springframework.security.test.context.support.WithSecurityContextTestExecutionListener, org.springframework.security.test.context.support.ReactorContextTestExecutionListener, org.springframework.boot.test.autoconfigure.restdocs.RestDocsTestExecutionListener, org.springframework.boot.test.autoconfigure.web.client.MockRestServiceServerResetTestExecutionListener, org.springframework.boot.test.autoconfigure.web.servlet.MockMvcPrintOnlyOnFailureTestExecutionListener, org.springframework.boot.test.autoconfigure.web.servlet.WebDriverTestExecutionListener, org.springframework.boot.test.autoconfigure.webservices.client.MockWebServiceServerTestExecutionListener, org.springframework.boot.test.mock.mockito.MockitoTestExecutionListener, org.springframework.boot.test.mock.mockito.ResetMocksTestExecutionListener, org.springframework.test.context.web.ServletTestExecutionListener, org.springframework.test.context.support.DirtiesContextBeforeModesTestExecutionListener, org.springframework.test.context.event.ApplicationEventsTestExecutionListener, org.springframework.test.context.support.DependencyInjectionTestExecutionListener, org.springframework.test.context.support.DirtiesContextTestExecutionListener, org.springframework.test.context.transaction.TransactionalTestExecutionListener, org.springframework.test.context.jdbc.SqlScriptsTestExecutionListener, org.springframework.test.context.event.EventPublishingTestExecutionListener]
2021-04-15 13:46:08.362  INFO 6639 --- [    Test worker] .b.t.c.SpringBootTestContextBootstrapper : Using TestExecutionListeners: [org.springframework.test.context.web.ServletTestExecutionListener@28e1ec74, org.springframework.test.context.support.DirtiesContextBeforeModesTestExecutionListener@761595c6, org.springframework.test.context.event.ApplicationEventsTestExecutionListener@7db89230, org.springframework.boot.test.mock.mockito.MockitoTestExecutionListener@559e26e4, org.springframework.boot.test.autoconfigure.SpringBootDependencyInjectionTestExecutionListener@72bbe26f, org.springframework.test.context.support.DirtiesContextTestExecutionListener@285ae25b, org.springframework.test.context.transaction.TransactionalTestExecutionListener@11cacc72, org.springframework.test.context.jdbc.SqlScriptsTestExecutionListener@35c761a9, org.springframework.security.test.context.support.WithSecurityContextTestExecutionListener@184245e4, org.springframework.test.context.event.EventPublishingTestExecutionListener@6775248d, org.springframework.security.test.context.support.ReactorContextTestExecutionListener@209bcd4d, org.springframework.boot.test.autoconfigure.restdocs.RestDocsTestExecutionListener@2edf3ade, org.springframework.boot.test.autoconfigure.web.client.MockRestServiceServerResetTestExecutionListener@24383784, org.springframework.boot.test.autoconfigure.web.servlet.MockMvcPrintOnlyOnFailureTestExecutionListener@6a273ec2, org.springframework.boot.test.autoconfigure.web.servlet.WebDriverTestExecutionListener@14a8776e, org.springframework.boot.test.autoconfigure.webservices.client.MockWebServiceServerTestExecutionListener@4376a6ef, org.springframework.boot.test.mock.mockito.ResetMocksTestExecutionListener@26973d12]

  .   ____          _            __ _ _
 /\\ / ___'_ __ _ _(_)_ __  __ _ \ \ \ \
( ( )\___ | '_ | '_| | '_ \/ _` | \ \ \ \
 \\/  ___)| |_)| | | | | || (_| |  ) ) ) )
  '  |____| .__|_| |_|_| |_\__, | / / / /
 =========|_|==============|___/=/_/_/_/
 :: Spring Boot ::                (v2.4.3)

2021-04-15 13:46:08.413  INFO 6639 --- [    Test worker] server.hotel.HotelServiceTests           : Starting HotelServiceTests using Java 11.0.10 on Hannahs-MacBook-Pro-2.local with PID 6639 (started by hannahschrager in /Users/hannahschrager/Desktop/Independent Study/hotel-listings/server)
2021-04-15 13:46:08.414  INFO 6639 --- [    Test worker] server.hotel.HotelServiceTests           : No active profile set, falling back to default profiles: default
2021-04-15 13:46:08.581  INFO 6639 --- [    Test worker] .s.d.r.c.RepositoryConfigurationDelegate : Bootstrapping Spring Data JPA repositories in DEFAULT mode.
2021-04-15 13:46:08.596  INFO 6639 --- [    Test worker] .s.d.r.c.RepositoryConfigurationDelegate : Finished Spring Data repository scanning in 14 ms. Found 3 JPA repository interfaces.
2021-04-15 13:46:08.795  INFO 6639 --- [    Test worker] o.hibernate.jpa.internal.util.LogHelper  : HHH000204: Processing PersistenceUnitInfo [name: default]
2021-04-15 13:46:08.800  INFO 6639 --- [    Test worker] com.zaxxer.hikari.HikariDataSource       : HikariPool-4 - Starting...
2021-04-15 13:46:08.801  INFO 6639 --- [    Test worker] com.zaxxer.hikari.HikariDataSource       : HikariPool-4 - Start completed.
2021-04-15 13:46:08.801  INFO 6639 --- [    Test worker] org.hibernate.dialect.Dialect            : HHH000400: Using dialect: org.hibernate.dialect.H2Dialect
2021-04-15 13:46:08.836  INFO 6639 --- [    Test worker] o.h.e.t.j.p.i.JtaPlatformInitiator       : HHH000490: Using JtaPlatform implementation: [org.hibernate.engine.transaction.jta.platform.internal.NoJtaPlatform]
2021-04-15 13:46:08.837  INFO 6639 --- [    Test worker] j.LocalContainerEntityManagerFactoryBean : Initialized JPA EntityManagerFactory for persistence unit 'default'
2021-04-15 13:46:08.871  WARN 6639 --- [    Test worker] JpaBaseConfiguration$JpaWebConfiguration : spring.jpa.open-in-view is enabled by default. Therefore, database queries may be performed during view rendering. Explicitly configure spring.jpa.open-in-view to disable this warning
2021-04-15 13:46:09.236  INFO 6639 --- [    Test worker] o.s.s.web.DefaultSecurityFilterChain     : Will secure Or [Ant [pattern='/oauth/token'], Ant [pattern='/oauth/token_key'], Ant [pattern='/oauth/check_token']] with [org.springframework.security.web.context.request.async.WebAsyncManagerIntegrationFilter@6e459aa7, org.springframework.security.web.context.SecurityContextPersistenceFilter@1cf579b0, org.springframework.security.web.header.HeaderWriterFilter@2c26dd51, org.springframework.security.web.authentication.logout.LogoutFilter@50a6573c, org.springframework.security.oauth2.provider.client.ClientCredentialsTokenEndpointFilter@66de73fc, org.springframework.security.web.authentication.www.BasicAuthenticationFilter@6e3445e2, org.springframework.security.web.savedrequest.RequestCacheAwareFilter@63bb25e5, org.springframework.security.web.servletapi.SecurityContextHolderAwareRequestFilter@796da096, org.springframework.security.web.authentication.AnonymousAuthenticationFilter@9365ae1, org.springframework.security.web.session.SessionManagementFilter@1c204f44, org.springframework.security.web.access.ExceptionTranslationFilter@7980c625, org.springframework.security.web.access.intercept.FilterSecurityInterceptor@5de587bd]
2021-04-15 13:46:09.254  INFO 6639 --- [    Test worker] o.s.s.web.DefaultSecurityFilterChain     : Will secure Or [Ant [pattern='/login'], Ant [pattern='/oauth/authorize']] with [org.springframework.security.web.context.request.async.WebAsyncManagerIntegrationFilter@6b963f12, org.springframework.security.web.context.SecurityContextPersistenceFilter@4fc1966, org.springframework.security.web.header.HeaderWriterFilter@553317f4, org.springframework.security.web.csrf.CsrfFilter@3b6c8fe7, org.springframework.security.web.authentication.logout.LogoutFilter@69c10aac, org.springframework.security.web.authentication.UsernamePasswordAuthenticationFilter@6c575929, org.springframework.security.web.authentication.ui.DefaultLoginPageGeneratingFilter@67de5ab8, org.springframework.security.web.authentication.ui.DefaultLogoutPageGeneratingFilter@1b9fd445, org.springframework.security.web.savedrequest.RequestCacheAwareFilter@74c3dcb5, org.springframework.security.web.servletapi.SecurityContextHolderAwareRequestFilter@3902f96e, org.springframework.security.web.authentication.AnonymousAuthenticationFilter@6dada079, org.springframework.security.web.session.SessionManagementFilter@5bb0b640, org.springframework.security.web.access.ExceptionTranslationFilter@191d3a46, org.springframework.security.web.access.intercept.FilterSecurityInterceptor@2c5b53fc]
2021-04-15 13:46:09.263  INFO 6639 --- [    Test worker] o.s.s.web.DefaultSecurityFilterChain     : Will secure org.springframework.security.oauth2.config.annotation.web.configuration.ResourceServerConfiguration$NotOAuthRequestMatcher@302575c3 with [org.springframework.security.web.context.request.async.WebAsyncManagerIntegrationFilter@6e618c7f, org.springframework.security.web.context.SecurityContextPersistenceFilter@2022f32f, org.springframework.security.web.header.HeaderWriterFilter@35d063d1, org.springframework.security.web.authentication.logout.LogoutFilter@3105da31, org.springframework.security.oauth2.provider.authentication.OAuth2AuthenticationProcessingFilter@1770869b, org.springframework.security.web.savedrequest.RequestCacheAwareFilter@15453cc7, org.springframework.security.web.servletapi.SecurityContextHolderAwareRequestFilter@23bd0b55, org.springframework.security.web.authentication.AnonymousAuthenticationFilter@311ec454, org.springframework.security.web.session.SessionManagementFilter@eb57492, org.springframework.security.web.access.ExceptionTranslationFilter@7859a165, org.springframework.security.web.access.intercept.FilterSecurityInterceptor@23726b68]
2021-04-15 13:46:09.404  INFO 6639 --- [    Test worker] o.s.s.concurrent.ThreadPoolTaskExecutor  : Initializing ExecutorService 'applicationTaskExecutor'
2021-04-15 13:46:09.415  INFO 6639 --- [    Test worker] o.s.b.a.h2.H2ConsoleAutoConfiguration    : H2 console available at '/h2-console'. Database available at 'jdbc:h2:mem:db'
2021-04-15 13:46:09.566  INFO 6639 --- [    Test worker] server.hotel.HotelServiceTests           : Started HotelServiceTests in 1.201 seconds (JVM running for 15.448)
]]></system-out>
  <system-err><![CDATA[]]></system-err>
</testsuite>
