<?xml version="1.0" encoding="UTF-8"?>
<testsuite name="server.exchange.ExchangeServiceTests" tests="1" skipped="0" failures="0" errors="0" timestamp="2021-04-09T20:50:37" hostname="Hannahs-MacBook-Pro-2.local" time="0.008">
  <properties/>
  <testcase name="testExchangeRate()" classname="server.exchange.ExchangeServiceTests" time="0.008"/>
  <system-out><![CDATA[2021-04-09 15:50:35.084  INFO 37592 --- [    Test worker] .b.t.c.SpringBootTestContextBootstrapper : Neither @ContextConfiguration nor @ContextHierarchy found for test class [server.exchange.ExchangeServiceTests], using SpringBootContextLoader
2021-04-09 15:50:35.085  INFO 37592 --- [    Test worker] o.s.t.c.support.AbstractContextLoader    : Could not detect default resource locations for test class [server.exchange.ExchangeServiceTests]: no resource found for suffixes {-context.xml, Context.groovy}.
2021-04-09 15:50:35.086  INFO 37592 --- [    Test worker] t.c.s.AnnotationConfigContextLoaderUtils : Could not detect default configuration classes for test class [server.exchange.ExchangeServiceTests]: ExchangeServiceTests does not declare any static, non-private, non-final, nested classes annotated with @Configuration.
2021-04-09 15:50:35.100  INFO 37592 --- [    Test worker] .b.t.c.SpringBootTestContextBootstrapper : Found @SpringBootConfiguration server.HotelApplication for test class server.exchange.ExchangeServiceTests
2021-04-09 15:50:35.104  INFO 37592 --- [    Test worker] .b.t.c.SpringBootTestContextBootstrapper : Loaded default TestExecutionListener class names from location [META-INF/spring.factories]: [org.springframework.security.test.context.support.WithSecurityContextTestExecutionListener, org.springframework.security.test.context.support.ReactorContextTestExecutionListener, org.springframework.boot.test.autoconfigure.restdocs.RestDocsTestExecutionListener, org.springframework.boot.test.autoconfigure.web.client.MockRestServiceServerResetTestExecutionListener, org.springframework.boot.test.autoconfigure.web.servlet.MockMvcPrintOnlyOnFailureTestExecutionListener, org.springframework.boot.test.autoconfigure.web.servlet.WebDriverTestExecutionListener, org.springframework.boot.test.autoconfigure.webservices.client.MockWebServiceServerTestExecutionListener, org.springframework.boot.test.mock.mockito.MockitoTestExecutionListener, org.springframework.boot.test.mock.mockito.ResetMocksTestExecutionListener, org.springframework.test.context.web.ServletTestExecutionListener, org.springframework.test.context.support.DirtiesContextBeforeModesTestExecutionListener, org.springframework.test.context.event.ApplicationEventsTestExecutionListener, org.springframework.test.context.support.DependencyInjectionTestExecutionListener, org.springframework.test.context.support.DirtiesContextTestExecutionListener, org.springframework.test.context.transaction.TransactionalTestExecutionListener, org.springframework.test.context.jdbc.SqlScriptsTestExecutionListener, org.springframework.test.context.event.EventPublishingTestExecutionListener]
2021-04-09 15:50:35.105  INFO 37592 --- [    Test worker] .b.t.c.SpringBootTestContextBootstrapper : Using TestExecutionListeners: [org.springframework.test.context.web.ServletTestExecutionListener@ac6f01f, org.springframework.test.context.support.DirtiesContextBeforeModesTestExecutionListener@3a818e7d, org.springframework.test.context.event.ApplicationEventsTestExecutionListener@aa27242, org.springframework.boot.test.mock.mockito.MockitoTestExecutionListener@2d7b2a36, org.springframework.boot.test.autoconfigure.SpringBootDependencyInjectionTestExecutionListener@1080618e, org.springframework.test.context.support.DirtiesContextTestExecutionListener@26c4e785, org.springframework.test.context.transaction.TransactionalTestExecutionListener@3f6db17d, org.springframework.test.context.jdbc.SqlScriptsTestExecutionListener@4bb3163c, org.springframework.security.test.context.support.WithSecurityContextTestExecutionListener@58ac82d5, org.springframework.test.context.event.EventPublishingTestExecutionListener@5955ae8a, org.springframework.security.test.context.support.ReactorContextTestExecutionListener@b610a84, org.springframework.boot.test.autoconfigure.restdocs.RestDocsTestExecutionListener@58b0ff22, org.springframework.boot.test.autoconfigure.web.client.MockRestServiceServerResetTestExecutionListener@64b674cb, org.springframework.boot.test.autoconfigure.web.servlet.MockMvcPrintOnlyOnFailureTestExecutionListener@10e3a729, org.springframework.boot.test.autoconfigure.web.servlet.WebDriverTestExecutionListener@13d5ba9b, org.springframework.boot.test.autoconfigure.webservices.client.MockWebServiceServerTestExecutionListener@4cc31e2c, org.springframework.boot.test.mock.mockito.ResetMocksTestExecutionListener@1b042b53]

  .   ____          _            __ _ _
 /\\ / ___'_ __ _ _(_)_ __  __ _ \ \ \ \
( ( )\___ | '_ | '_| | '_ \/ _` | \ \ \ \
 \\/  ___)| |_)| | | | | || (_| |  ) ) ) )
  '  |____| .__|_| |_|_| |_\__, | / / / /
 =========|_|==============|___/=/_/_/_/
 :: Spring Boot ::                (v2.4.3)

2021-04-09 15:50:35.162  INFO 37592 --- [    Test worker] server.exchange.ExchangeServiceTests     : Starting ExchangeServiceTests using Java 11.0.10 on Hannahs-MacBook-Pro-2.local with PID 37592 (started by hannahschrager in /Users/hannahschrager/Desktop/Independent Study/hotel-listings/server)
2021-04-09 15:50:35.163  INFO 37592 --- [    Test worker] server.exchange.ExchangeServiceTests     : No active profile set, falling back to default profiles: default
2021-04-09 15:50:35.403  INFO 37592 --- [    Test worker] .s.d.r.c.RepositoryConfigurationDelegate : Bootstrapping Spring Data JPA repositories in DEFAULT mode.
2021-04-09 15:50:35.429  INFO 37592 --- [    Test worker] .s.d.r.c.RepositoryConfigurationDelegate : Finished Spring Data repository scanning in 25 ms. Found 3 JPA repository interfaces.
2021-04-09 15:50:35.685  INFO 37592 --- [    Test worker] trationDelegate$BeanPostProcessorChecker : Bean 'org.springframework.security.access.expression.method.DefaultMethodSecurityExpressionHandler@1a047a52' of type [org.springframework.security.access.expression.method.DefaultMethodSecurityExpressionHandler] is not eligible for getting processed by all BeanPostProcessors (for example: not eligible for auto-proxying)
2021-04-09 15:50:35.698  INFO 37592 --- [    Test worker] trationDelegate$BeanPostProcessorChecker : Bean 'methodSecurityMetadataSource' of type [org.springframework.security.access.method.DelegatingMethodSecurityMetadataSource] is not eligible for getting processed by all BeanPostProcessors (for example: not eligible for auto-proxying)
2021-04-09 15:50:35.853  INFO 37592 --- [    Test worker] o.hibernate.jpa.internal.util.LogHelper  : HHH000204: Processing PersistenceUnitInfo [name: default]
2021-04-09 15:50:35.865  INFO 37592 --- [    Test worker] com.zaxxer.hikari.HikariDataSource       : HikariPool-2 - Starting...
2021-04-09 15:50:35.871  INFO 37592 --- [    Test worker] com.zaxxer.hikari.HikariDataSource       : HikariPool-2 - Start completed.
2021-04-09 15:50:35.871  INFO 37592 --- [    Test worker] org.hibernate.dialect.Dialect            : HHH000400: Using dialect: org.hibernate.dialect.H2Dialect
2021-04-09 15:50:35.918  INFO 37592 --- [    Test worker] o.h.e.t.j.p.i.JtaPlatformInitiator       : HHH000490: Using JtaPlatform implementation: [org.hibernate.engine.transaction.jta.platform.internal.NoJtaPlatform]
2021-04-09 15:50:35.919  INFO 37592 --- [    Test worker] j.LocalContainerEntityManagerFactoryBean : Initialized JPA EntityManagerFactory for persistence unit 'default'
2021-04-09 15:50:36.013  WARN 37592 --- [    Test worker] JpaBaseConfiguration$JpaWebConfiguration : spring.jpa.open-in-view is enabled by default. Therefore, database queries may be performed during view rendering. Explicitly configure spring.jpa.open-in-view to disable this warning
Admin User: admin
Admin Pass: m2XkSE6QopBbEEv0Zm5HZi5J
Test User: user
User Pass: pass
2021-04-09 15:50:36.401  INFO 37592 --- [    Test worker] o.s.s.p.JdbcUserDetailsManager           : No authentication manager set. Reauthentication of users when changing passwords will not be performed.
2021-04-09 15:50:36.738  INFO 37592 --- [    Test worker] o.s.s.web.DefaultSecurityFilterChain     : Will secure any request with [org.springframework.security.web.context.request.async.WebAsyncManagerIntegrationFilter@36f6140b, org.springframework.security.web.context.SecurityContextPersistenceFilter@2164daad, org.springframework.security.web.header.HeaderWriterFilter@53fa47ec, org.springframework.security.web.csrf.CsrfFilter@6788d01e, org.springframework.security.web.authentication.logout.LogoutFilter@217aec03, org.springframework.security.web.authentication.www.BasicAuthenticationFilter@40ec246d, org.springframework.security.web.savedrequest.RequestCacheAwareFilter@483e720e, org.springframework.security.web.servletapi.SecurityContextHolderAwareRequestFilter@49fa99c2, org.springframework.security.web.authentication.AnonymousAuthenticationFilter@3e01c7c7, org.springframework.security.web.session.SessionManagementFilter@cde28a, org.springframework.security.web.access.ExceptionTranslationFilter@31cb1f10, org.springframework.security.web.access.intercept.FilterSecurityInterceptor@51063542]
2021-04-09 15:50:37.018  INFO 37592 --- [    Test worker] o.s.s.concurrent.ThreadPoolTaskExecutor  : Initializing ExecutorService 'applicationTaskExecutor'
2021-04-09 15:50:37.060  INFO 37592 --- [    Test worker] o.s.b.a.h2.H2ConsoleAutoConfiguration    : H2 console available at '/h2-console'. Database available at 'jdbc:h2:mem:db'
2021-04-09 15:50:37.414  INFO 37592 --- [    Test worker] server.exchange.ExchangeServiceTests     : Started ExchangeServiceTests in 2.305 seconds (JVM running for 11.783)
]]></system-out>
  <system-err><![CDATA[]]></system-err>
</testsuite>
