<?xml version="1.0" encoding="UTF-8"?>
<testsuite name="server.room.RoomServiceTests" tests="2" skipped="0" failures="0" errors="0" timestamp="2021-04-15T18:18:44" hostname="Hannahs-MacBook-Pro-2.local" time="0.13">
  <properties/>
  <testcase name="testFindAllRooms()" classname="server.room.RoomServiceTests" time="0.122"/>
  <testcase name="testFindByRoomCode()" classname="server.room.RoomServiceTests" time="0.006"/>
  <system-out><![CDATA[13:18:39.179 [Test worker] DEBUG org.springframework.test.context.BootstrapUtils - Instantiating CacheAwareContextLoaderDelegate from class [org.springframework.test.context.cache.DefaultCacheAwareContextLoaderDelegate]
13:18:39.191 [Test worker] DEBUG org.springframework.test.context.BootstrapUtils - Instantiating BootstrapContext using constructor [public org.springframework.test.context.support.DefaultBootstrapContext(java.lang.Class,org.springframework.test.context.CacheAwareContextLoaderDelegate)]
13:18:39.222 [Test worker] DEBUG org.springframework.test.context.BootstrapUtils - Instantiating TestContextBootstrapper for test class [server.room.RoomServiceTests] from class [org.springframework.boot.test.context.SpringBootTestContextBootstrapper]
13:18:39.232 [Test worker] INFO org.springframework.boot.test.context.SpringBootTestContextBootstrapper - Neither @ContextConfiguration nor @ContextHierarchy found for test class [server.room.RoomServiceTests], using SpringBootContextLoader
13:18:39.235 [Test worker] DEBUG org.springframework.test.context.support.AbstractContextLoader - Did not detect default resource location for test class [server.room.RoomServiceTests]: class path resource [server/room/RoomServiceTests-context.xml] does not exist
13:18:39.236 [Test worker] DEBUG org.springframework.test.context.support.AbstractContextLoader - Did not detect default resource location for test class [server.room.RoomServiceTests]: class path resource [server/room/RoomServiceTestsContext.groovy] does not exist
13:18:39.237 [Test worker] INFO org.springframework.test.context.support.AbstractContextLoader - Could not detect default resource locations for test class [server.room.RoomServiceTests]: no resource found for suffixes {-context.xml, Context.groovy}.
13:18:39.237 [Test worker] INFO org.springframework.test.context.support.AnnotationConfigContextLoaderUtils - Could not detect default configuration classes for test class [server.room.RoomServiceTests]: RoomServiceTests does not declare any static, non-private, non-final, nested classes annotated with @Configuration.
13:18:39.279 [Test worker] DEBUG org.springframework.test.context.support.ActiveProfilesUtils - Could not find an 'annotation declaring class' for annotation type [org.springframework.test.context.ActiveProfiles] and class [server.room.RoomServiceTests]
13:18:39.344 [Test worker] DEBUG org.springframework.context.annotation.ClassPathScanningCandidateComponentProvider - Identified candidate component class: file [/Users/hannahschrager/Desktop/Independent Study/hotel-listings/server/build/classes/java/main/server/HotelApplication.class]
13:18:39.345 [Test worker] INFO org.springframework.boot.test.context.SpringBootTestContextBootstrapper - Found @SpringBootConfiguration server.HotelApplication for test class server.room.RoomServiceTests
13:18:39.425 [Test worker] DEBUG org.springframework.boot.test.context.SpringBootTestContextBootstrapper - @TestExecutionListeners is not present for class [server.room.RoomServiceTests]: using defaults.
13:18:39.425 [Test worker] INFO org.springframework.boot.test.context.SpringBootTestContextBootstrapper - Loaded default TestExecutionListener class names from location [META-INF/spring.factories]: [org.springframework.security.test.context.support.WithSecurityContextTestExecutionListener, org.springframework.security.test.context.support.ReactorContextTestExecutionListener, org.springframework.boot.test.autoconfigure.restdocs.RestDocsTestExecutionListener, org.springframework.boot.test.autoconfigure.web.client.MockRestServiceServerResetTestExecutionListener, org.springframework.boot.test.autoconfigure.web.servlet.MockMvcPrintOnlyOnFailureTestExecutionListener, org.springframework.boot.test.autoconfigure.web.servlet.WebDriverTestExecutionListener, org.springframework.boot.test.autoconfigure.webservices.client.MockWebServiceServerTestExecutionListener, org.springframework.boot.test.mock.mockito.MockitoTestExecutionListener, org.springframework.boot.test.mock.mockito.ResetMocksTestExecutionListener, org.springframework.test.context.web.ServletTestExecutionListener, org.springframework.test.context.support.DirtiesContextBeforeModesTestExecutionListener, org.springframework.test.context.event.ApplicationEventsTestExecutionListener, org.springframework.test.context.support.DependencyInjectionTestExecutionListener, org.springframework.test.context.support.DirtiesContextTestExecutionListener, org.springframework.test.context.transaction.TransactionalTestExecutionListener, org.springframework.test.context.jdbc.SqlScriptsTestExecutionListener, org.springframework.test.context.event.EventPublishingTestExecutionListener]
13:18:39.440 [Test worker] INFO org.springframework.boot.test.context.SpringBootTestContextBootstrapper - Using TestExecutionListeners: [org.springframework.test.context.web.ServletTestExecutionListener@18b17b90, org.springframework.test.context.support.DirtiesContextBeforeModesTestExecutionListener@79103c22, org.springframework.test.context.event.ApplicationEventsTestExecutionListener@2897d7b6, org.springframework.boot.test.mock.mockito.MockitoTestExecutionListener@371e57fb, org.springframework.boot.test.autoconfigure.SpringBootDependencyInjectionTestExecutionListener@2460d773, org.springframework.test.context.support.DirtiesContextTestExecutionListener@5ce91ef1, org.springframework.test.context.transaction.TransactionalTestExecutionListener@4a5548bd, org.springframework.test.context.jdbc.SqlScriptsTestExecutionListener@fb16f83, org.springframework.security.test.context.support.WithSecurityContextTestExecutionListener@2dc8fa49, org.springframework.test.context.event.EventPublishingTestExecutionListener@39426797, org.springframework.security.test.context.support.ReactorContextTestExecutionListener@59b2d0a2, org.springframework.boot.test.autoconfigure.restdocs.RestDocsTestExecutionListener@5dfb7160, org.springframework.boot.test.autoconfigure.web.client.MockRestServiceServerResetTestExecutionListener@370bd224, org.springframework.boot.test.autoconfigure.web.servlet.MockMvcPrintOnlyOnFailureTestExecutionListener@1d5f658d, org.springframework.boot.test.autoconfigure.web.servlet.WebDriverTestExecutionListener@52278144, org.springframework.boot.test.autoconfigure.webservices.client.MockWebServiceServerTestExecutionListener@54d19a11, org.springframework.boot.test.mock.mockito.ResetMocksTestExecutionListener@3da2f85d]
13:18:39.460 [Test worker] DEBUG org.springframework.test.context.support.AbstractDirtiesContextTestExecutionListener - Before test class: context [DefaultTestContext@6c9ec902 testClass = RoomServiceTests, testInstance = [null], testMethod = [null], testException = [null], mergedContextConfiguration = [WebMergedContextConfiguration@68f89476 testClass = RoomServiceTests, locations = '{}', classes = '{class server.HotelApplication}', contextInitializerClasses = '[]', activeProfiles = '{}', propertySourceLocations = '{}', propertySourceProperties = '{spring.datasource.data=, org.springframework.boot.test.context.SpringBootTestContextBootstrapper=true}', contextCustomizers = set[org.springframework.boot.test.autoconfigure.actuate.metrics.MetricsExportContextCustomizerFactory$DisableMetricExportContextCustomizer@cb94548, org.springframework.boot.test.autoconfigure.properties.PropertyMappingContextCustomizer@0, org.springframework.boot.test.autoconfigure.web.servlet.WebDriverContextCustomizerFactory$Customizer@39d725f1, org.springframework.boot.test.context.filter.ExcludeFilterContextCustomizer@750bf225, org.springframework.boot.test.json.DuplicateJsonObjectContextCustomizerFactory$DuplicateJsonObjectContextCustomizer@7e2ffe09, org.springframework.boot.test.mock.mockito.MockitoContextCustomizer@a46afe85, org.springframework.boot.test.web.client.TestRestTemplateContextCustomizer@4cca66c3, org.springframework.boot.test.context.SpringBootTestArgs@1, org.springframework.boot.test.context.SpringBootTestWebEnvironment@38d89077], resourceBasePath = 'src/main/webapp', contextLoader = 'org.springframework.boot.test.context.SpringBootContextLoader', parent = [null]], attributes = map['org.springframework.test.context.web.ServletTestExecutionListener.activateListener' -> true]], class annotated with @DirtiesContext [false] with mode [null].
13:18:39.483 [Test worker] DEBUG org.springframework.test.context.support.TestPropertySourceUtils - Adding inlined properties to environment: {spring.jmx.enabled=false, spring.datasource.data=, org.springframework.boot.test.context.SpringBootTestContextBootstrapper=true}

  .   ____          _            __ _ _
 /\\ / ___'_ __ _ _(_)_ __  __ _ \ \ \ \
( ( )\___ | '_ | '_| | '_ \/ _` | \ \ \ \
 \\/  ___)| |_)| | | | | || (_| |  ) ) ) )
  '  |____| .__|_| |_|_| |_\__, | / / / /
 =========|_|==============|___/=/_/_/_/
 :: Spring Boot ::                (v2.4.3)

2021-04-15 13:18:39.722  INFO 6421 --- [    Test worker] server.room.RoomServiceTests             : Starting RoomServiceTests using Java 11.0.10 on Hannahs-MacBook-Pro-2.local with PID 6421 (started by hannahschrager in /Users/hannahschrager/Desktop/Independent Study/hotel-listings/server)
2021-04-15 13:18:39.724  INFO 6421 --- [    Test worker] server.room.RoomServiceTests             : No active profile set, falling back to default profiles: default
2021-04-15 13:18:40.266  INFO 6421 --- [    Test worker] .s.d.r.c.RepositoryConfigurationDelegate : Bootstrapping Spring Data JPA repositories in DEFAULT mode.
2021-04-15 13:18:40.333  INFO 6421 --- [    Test worker] .s.d.r.c.RepositoryConfigurationDelegate : Finished Spring Data repository scanning in 61 ms. Found 3 JPA repository interfaces.
2021-04-15 13:18:41.573  INFO 6421 --- [    Test worker] o.hibernate.jpa.internal.util.LogHelper  : HHH000204: Processing PersistenceUnitInfo [name: default]
2021-04-15 13:18:41.628  INFO 6421 --- [    Test worker] org.hibernate.Version                    : HHH000412: Hibernate ORM core version 5.4.28.Final
2021-04-15 13:18:41.675  INFO 6421 --- [    Test worker] o.hibernate.annotations.common.Version   : HCANN000001: Hibernate Commons Annotations {5.1.2.Final}
2021-04-15 13:18:41.778  INFO 6421 --- [    Test worker] com.zaxxer.hikari.HikariDataSource       : HikariPool-1 - Starting...
2021-04-15 13:18:41.942  INFO 6421 --- [    Test worker] com.zaxxer.hikari.HikariDataSource       : HikariPool-1 - Start completed.
2021-04-15 13:18:41.961  INFO 6421 --- [    Test worker] org.hibernate.dialect.Dialect            : HHH000400: Using dialect: org.hibernate.dialect.H2Dialect
2021-04-15 13:18:42.438  INFO 6421 --- [    Test worker] o.h.e.t.j.p.i.JtaPlatformInitiator       : HHH000490: Using JtaPlatform implementation: [org.hibernate.engine.transaction.jta.platform.internal.NoJtaPlatform]
2021-04-15 13:18:42.448  INFO 6421 --- [    Test worker] j.LocalContainerEntityManagerFactoryBean : Initialized JPA EntityManagerFactory for persistence unit 'default'
2021-04-15 13:18:42.538  WARN 6421 --- [    Test worker] JpaBaseConfiguration$JpaWebConfiguration : spring.jpa.open-in-view is enabled by default. Therefore, database queries may be performed during view rendering. Explicitly configure spring.jpa.open-in-view to disable this warning
2021-04-15 13:18:43.731  INFO 6421 --- [    Test worker] o.s.s.web.DefaultSecurityFilterChain     : Will secure Or [Ant [pattern='/oauth/token'], Ant [pattern='/oauth/token_key'], Ant [pattern='/oauth/check_token']] with [org.springframework.security.web.context.request.async.WebAsyncManagerIntegrationFilter@495c49ff, org.springframework.security.web.context.SecurityContextPersistenceFilter@1e360e85, org.springframework.security.web.header.HeaderWriterFilter@4348aa0f, org.springframework.security.web.authentication.logout.LogoutFilter@7f174395, org.springframework.security.oauth2.provider.client.ClientCredentialsTokenEndpointFilter@19c76c42, org.springframework.security.web.authentication.www.BasicAuthenticationFilter@2b155a64, org.springframework.security.web.savedrequest.RequestCacheAwareFilter@3ae59373, org.springframework.security.web.servletapi.SecurityContextHolderAwareRequestFilter@7db371f9, org.springframework.security.web.authentication.AnonymousAuthenticationFilter@4d718329, org.springframework.security.web.session.SessionManagementFilter@38ea898c, org.springframework.security.web.access.ExceptionTranslationFilter@3cf8174c, org.springframework.security.web.access.intercept.FilterSecurityInterceptor@36073d5]
2021-04-15 13:18:43.765  INFO 6421 --- [    Test worker] o.s.s.web.DefaultSecurityFilterChain     : Will secure Or [Ant [pattern='/login'], Ant [pattern='/oauth/authorize']] with [org.springframework.security.web.context.request.async.WebAsyncManagerIntegrationFilter@63cb3c80, org.springframework.security.web.context.SecurityContextPersistenceFilter@3e0707c0, org.springframework.security.web.header.HeaderWriterFilter@581fa9f5, org.springframework.security.web.csrf.CsrfFilter@1d98fefe, org.springframework.security.web.authentication.logout.LogoutFilter@f293a15, org.springframework.security.web.authentication.UsernamePasswordAuthenticationFilter@113f356c, org.springframework.security.web.authentication.ui.DefaultLoginPageGeneratingFilter@474c790d, org.springframework.security.web.authentication.ui.DefaultLogoutPageGeneratingFilter@59168a12, org.springframework.security.web.savedrequest.RequestCacheAwareFilter@6abba018, org.springframework.security.web.servletapi.SecurityContextHolderAwareRequestFilter@4fcefcbb, org.springframework.security.web.authentication.AnonymousAuthenticationFilter@45fc930d, org.springframework.security.web.session.SessionManagementFilter@6e7ccec9, org.springframework.security.web.access.ExceptionTranslationFilter@2aac850, org.springframework.security.web.access.intercept.FilterSecurityInterceptor@a656e2]
2021-04-15 13:18:43.783  INFO 6421 --- [    Test worker] o.s.s.web.DefaultSecurityFilterChain     : Will secure org.springframework.security.oauth2.config.annotation.web.configuration.ResourceServerConfiguration$NotOAuthRequestMatcher@3f463c29 with [org.springframework.security.web.context.request.async.WebAsyncManagerIntegrationFilter@620454cc, org.springframework.security.web.context.SecurityContextPersistenceFilter@614e27f3, org.springframework.security.web.header.HeaderWriterFilter@165190d5, org.springframework.security.web.authentication.logout.LogoutFilter@15719f05, org.springframework.security.oauth2.provider.authentication.OAuth2AuthenticationProcessingFilter@5e80526e, org.springframework.security.web.savedrequest.RequestCacheAwareFilter@1655ba4d, org.springframework.security.web.servletapi.SecurityContextHolderAwareRequestFilter@c98476a, org.springframework.security.web.authentication.AnonymousAuthenticationFilter@11422b78, org.springframework.security.web.session.SessionManagementFilter@24b5a684, org.springframework.security.web.access.ExceptionTranslationFilter@4e873d7a, org.springframework.security.web.access.intercept.FilterSecurityInterceptor@47a586f7]
2021-04-15 13:18:44.143  INFO 6421 --- [    Test worker] o.s.s.concurrent.ThreadPoolTaskExecutor  : Initializing ExecutorService 'applicationTaskExecutor'
2021-04-15 13:18:44.186  INFO 6421 --- [    Test worker] o.s.b.a.h2.H2ConsoleAutoConfiguration    : H2 console available at '/h2-console'. Database available at 'jdbc:h2:mem:db'
2021-04-15 13:18:44.435  INFO 6421 --- [    Test worker] server.room.RoomServiceTests             : Started RoomServiceTests in 4.944 seconds (JVM running for 6.052)
]]></system-out>
  <system-err><![CDATA[]]></system-err>
</testsuite>
