<?xml version="1.0" encoding="UTF-8"?>
<testsuite name="booking.airline.AirlineServiceTests" tests="2" skipped="0" failures="0" errors="0" timestamp="2021-03-15T16:50:33" hostname="Hannahs-MacBook-Pro-2.local" time="0.032">
  <properties/>
  <testcase name="testFindAllFlights()" classname="booking.airline.AirlineServiceTests" time="0.014"/>
  <testcase name="testFindFlights()" classname="booking.airline.AirlineServiceTests" time="0.017"/>
  <system-out><![CDATA[2021-03-15 11:50:33.602  INFO 71217 --- [    Test worker] .b.t.c.SpringBootTestContextBootstrapper : Neither @ContextConfiguration nor @ContextHierarchy found for test class [booking.airline.AirlineServiceTests], using SpringBootContextLoader
2021-03-15 11:50:33.603  INFO 71217 --- [    Test worker] o.s.t.c.support.AbstractContextLoader    : Could not detect default resource locations for test class [booking.airline.AirlineServiceTests]: no resource found for suffixes {-context.xml, Context.groovy}.
2021-03-15 11:50:33.607  INFO 71217 --- [    Test worker] .b.t.c.SpringBootTestContextBootstrapper : Loaded default TestExecutionListener class names from location [META-INF/spring.factories]: [org.springframework.boot.test.autoconfigure.restdocs.RestDocsTestExecutionListener, org.springframework.boot.test.autoconfigure.web.client.MockRestServiceServerResetTestExecutionListener, org.springframework.boot.test.autoconfigure.web.servlet.MockMvcPrintOnlyOnFailureTestExecutionListener, org.springframework.boot.test.autoconfigure.web.servlet.WebDriverTestExecutionListener, org.springframework.boot.test.autoconfigure.webservices.client.MockWebServiceServerTestExecutionListener, org.springframework.boot.test.mock.mockito.MockitoTestExecutionListener, org.springframework.boot.test.mock.mockito.ResetMocksTestExecutionListener, org.springframework.test.context.web.ServletTestExecutionListener, org.springframework.test.context.support.DirtiesContextBeforeModesTestExecutionListener, org.springframework.test.context.event.ApplicationEventsTestExecutionListener, org.springframework.test.context.support.DependencyInjectionTestExecutionListener, org.springframework.test.context.support.DirtiesContextTestExecutionListener, org.springframework.test.context.transaction.TransactionalTestExecutionListener, org.springframework.test.context.jdbc.SqlScriptsTestExecutionListener, org.springframework.test.context.event.EventPublishingTestExecutionListener]
2021-03-15 11:50:33.607  INFO 71217 --- [    Test worker] .b.t.c.SpringBootTestContextBootstrapper : Using TestExecutionListeners: [org.springframework.test.context.web.ServletTestExecutionListener@3b91e040, org.springframework.test.context.support.DirtiesContextBeforeModesTestExecutionListener@79b63a7c, org.springframework.test.context.event.ApplicationEventsTestExecutionListener@cc81457, org.springframework.boot.test.mock.mockito.MockitoTestExecutionListener@2db2fac4, org.springframework.boot.test.autoconfigure.SpringBootDependencyInjectionTestExecutionListener@19159cd2, org.springframework.test.context.support.DirtiesContextTestExecutionListener@51383056, org.springframework.test.context.transaction.TransactionalTestExecutionListener@1d1eec8a, org.springframework.test.context.jdbc.SqlScriptsTestExecutionListener@27404137, org.springframework.test.context.event.EventPublishingTestExecutionListener@1286aa01, org.springframework.boot.test.autoconfigure.restdocs.RestDocsTestExecutionListener@22c8287, org.springframework.boot.test.autoconfigure.web.client.MockRestServiceServerResetTestExecutionListener@683c54f4, org.springframework.boot.test.autoconfigure.web.servlet.MockMvcPrintOnlyOnFailureTestExecutionListener@4dd0f93d, org.springframework.boot.test.autoconfigure.web.servlet.WebDriverTestExecutionListener@6aa18424, org.springframework.boot.test.autoconfigure.webservices.client.MockWebServiceServerTestExecutionListener@c7f1b4d, org.springframework.boot.test.mock.mockito.ResetMocksTestExecutionListener@6ee75c2]
]]></system-out>
  <system-err><![CDATA[]]></system-err>
</testsuite>
