<?xml version="1.0" encoding="UTF-8"?>
<testsuite name="booking.server.hotel.AirportServiceTests" tests="1" skipped="0" failures="0" errors="0" timestamp="2021-03-15T16:50:33" hostname="Hannahs-MacBook-Pro-2.local" time="0.033">
  <properties/>
  <testcase name="testFindAllAirports()" classname="booking.server.hotel.AirportServiceTests" time="0.033"/>
  <system-out><![CDATA[2021-03-15 11:50:33.491  INFO 71217 --- [    Test worker] .b.t.c.SpringBootTestContextBootstrapper : Neither @ContextConfiguration nor @ContextHierarchy found for test class [booking.server.hotel.AirportServiceTests], using SpringBootContextLoader
2021-03-15 11:50:33.493  INFO 71217 --- [    Test worker] o.s.t.c.support.AbstractContextLoader    : Could not detect default resource locations for test class [booking.server.hotel.AirportServiceTests]: no resource found for suffixes {-context.xml, Context.groovy}.
2021-03-15 11:50:33.498  INFO 71217 --- [    Test worker] .b.t.c.SpringBootTestContextBootstrapper : Loaded default TestExecutionListener class names from location [META-INF/spring.factories]: [org.springframework.boot.test.autoconfigure.restdocs.RestDocsTestExecutionListener, org.springframework.boot.test.autoconfigure.web.client.MockRestServiceServerResetTestExecutionListener, org.springframework.boot.test.autoconfigure.web.servlet.MockMvcPrintOnlyOnFailureTestExecutionListener, org.springframework.boot.test.autoconfigure.web.servlet.WebDriverTestExecutionListener, org.springframework.boot.test.autoconfigure.webservices.client.MockWebServiceServerTestExecutionListener, org.springframework.boot.test.mock.mockito.MockitoTestExecutionListener, org.springframework.boot.test.mock.mockito.ResetMocksTestExecutionListener, org.springframework.test.context.web.ServletTestExecutionListener, org.springframework.test.context.support.DirtiesContextBeforeModesTestExecutionListener, org.springframework.test.context.event.ApplicationEventsTestExecutionListener, org.springframework.test.context.support.DependencyInjectionTestExecutionListener, org.springframework.test.context.support.DirtiesContextTestExecutionListener, org.springframework.test.context.transaction.TransactionalTestExecutionListener, org.springframework.test.context.jdbc.SqlScriptsTestExecutionListener, org.springframework.test.context.event.EventPublishingTestExecutionListener]
2021-03-15 11:50:33.499  INFO 71217 --- [    Test worker] .b.t.c.SpringBootTestContextBootstrapper : Using TestExecutionListeners: [org.springframework.test.context.web.ServletTestExecutionListener@5a1b7db5, org.springframework.test.context.support.DirtiesContextBeforeModesTestExecutionListener@10771808, org.springframework.test.context.event.ApplicationEventsTestExecutionListener@30e83c78, org.springframework.boot.test.mock.mockito.MockitoTestExecutionListener@330a45bc, org.springframework.boot.test.autoconfigure.SpringBootDependencyInjectionTestExecutionListener@327d60bd, org.springframework.test.context.support.DirtiesContextTestExecutionListener@1ae299a2, org.springframework.test.context.transaction.TransactionalTestExecutionListener@6b187d7a, org.springframework.test.context.jdbc.SqlScriptsTestExecutionListener@a5ef200, org.springframework.test.context.event.EventPublishingTestExecutionListener@537f037e, org.springframework.boot.test.autoconfigure.restdocs.RestDocsTestExecutionListener@5ddeaf3a, org.springframework.boot.test.autoconfigure.web.client.MockRestServiceServerResetTestExecutionListener@7585ea56, org.springframework.boot.test.autoconfigure.web.servlet.MockMvcPrintOnlyOnFailureTestExecutionListener@8b6d814, org.springframework.boot.test.autoconfigure.web.servlet.WebDriverTestExecutionListener@23795e8f, org.springframework.boot.test.autoconfigure.webservices.client.MockWebServiceServerTestExecutionListener@bf682a5, org.springframework.boot.test.mock.mockito.ResetMocksTestExecutionListener@517b0ed7]
]]></system-out>
  <system-err><![CDATA[]]></system-err>
</testsuite>
