<?xml version="1.0" encoding="UTF-8"?>
<testsuite name="booking.trip.TripIntegrationTests" tests="4" skipped="0" failures="0" errors="0" timestamp="2021-03-15T16:50:33" hostname="Hannahs-MacBook-Pro-2.local" time="0.35">
  <properties/>
  <testcase name="testFindAllFlights()" classname="booking.trip.TripIntegrationTests" time="0.2"/>
  <testcase name="testFindFlights()" classname="booking.trip.TripIntegrationTests" time="0.06"/>
  <testcase name="testFindAllAirports()" classname="booking.trip.TripIntegrationTests" time="0.057"/>
  <testcase name="testBestPrice()" classname="booking.trip.TripIntegrationTests" time="0.029"/>
  <system-out><![CDATA[2021-03-15 11:50:33.123  INFO 71217 --- [    Test worker] .b.t.c.SpringBootTestContextBootstrapper : Neither @ContextConfiguration nor @ContextHierarchy found for test class [booking.trip.TripIntegrationTests], using SpringBootContextLoader
2021-03-15 11:50:33.125  INFO 71217 --- [    Test worker] o.s.t.c.support.AbstractContextLoader    : Could not detect default resource locations for test class [booking.trip.TripIntegrationTests]: no resource found for suffixes {-context.xml, Context.groovy}.
2021-03-15 11:50:33.130  INFO 71217 --- [    Test worker] .b.t.c.SpringBootTestContextBootstrapper : Loaded default TestExecutionListener class names from location [META-INF/spring.factories]: [org.springframework.boot.test.autoconfigure.restdocs.RestDocsTestExecutionListener, org.springframework.boot.test.autoconfigure.web.client.MockRestServiceServerResetTestExecutionListener, org.springframework.boot.test.autoconfigure.web.servlet.MockMvcPrintOnlyOnFailureTestExecutionListener, org.springframework.boot.test.autoconfigure.web.servlet.WebDriverTestExecutionListener, org.springframework.boot.test.autoconfigure.webservices.client.MockWebServiceServerTestExecutionListener, org.springframework.boot.test.mock.mockito.MockitoTestExecutionListener, org.springframework.boot.test.mock.mockito.ResetMocksTestExecutionListener, org.springframework.test.context.web.ServletTestExecutionListener, org.springframework.test.context.support.DirtiesContextBeforeModesTestExecutionListener, org.springframework.test.context.event.ApplicationEventsTestExecutionListener, org.springframework.test.context.support.DependencyInjectionTestExecutionListener, org.springframework.test.context.support.DirtiesContextTestExecutionListener, org.springframework.test.context.transaction.TransactionalTestExecutionListener, org.springframework.test.context.jdbc.SqlScriptsTestExecutionListener, org.springframework.test.context.event.EventPublishingTestExecutionListener]
2021-03-15 11:50:33.131  INFO 71217 --- [    Test worker] .b.t.c.SpringBootTestContextBootstrapper : Using TestExecutionListeners: [org.springframework.test.context.web.ServletTestExecutionListener@6814808d, org.springframework.test.context.support.DirtiesContextBeforeModesTestExecutionListener@6bf364f3, org.springframework.test.context.event.ApplicationEventsTestExecutionListener@a8dbbbe, org.springframework.boot.test.mock.mockito.MockitoTestExecutionListener@108add1b, org.springframework.boot.test.autoconfigure.SpringBootDependencyInjectionTestExecutionListener@5cd6376f, org.springframework.test.context.support.DirtiesContextTestExecutionListener@2cf204fa, org.springframework.test.context.transaction.TransactionalTestExecutionListener@4bc51a91, org.springframework.test.context.jdbc.SqlScriptsTestExecutionListener@d6174f7, org.springframework.test.context.event.EventPublishingTestExecutionListener@6061477b, org.springframework.boot.test.autoconfigure.restdocs.RestDocsTestExecutionListener@5c085a59, org.springframework.boot.test.autoconfigure.web.client.MockRestServiceServerResetTestExecutionListener@3f7ad2db, org.springframework.boot.test.autoconfigure.web.servlet.MockMvcPrintOnlyOnFailureTestExecutionListener@393adf0f, org.springframework.boot.test.autoconfigure.web.servlet.WebDriverTestExecutionListener@538a0dcc, org.springframework.boot.test.autoconfigure.webservices.client.MockWebServiceServerTestExecutionListener@4d4e4f76, org.springframework.boot.test.mock.mockito.ResetMocksTestExecutionListener@244ba00e]

MockHttpServletRequest:
      HTTP Method = GET
      Request URI = /airports
       Parameters = {}
          Headers = []
             Body = null
    Session Attrs = {}

Handler:
             Type = booking.trip.TripController
           Method = booking.trip.TripController#findAirports()

Async:
    Async started = false
     Async result = null

Resolved Exception:
             Type = null

ModelAndView:
        View name = null
             View = null
            Model = null

FlashMap:
       Attributes = null

MockHttpServletResponse:
           Status = 200
    Error message = null
          Headers = [Content-Type:"application/json"]
     Content type = application/json
             Body = [{"airportCode":"CAK","airportName":"Akron/Canton, OH"},{"airportCode":"ALB","airportName":"Albany, NY"},{"airportCode":"ABQ","airportName":"Albuquerque, NM"},{"airportCode":"ABE","airportName":"Bethlehem, PA"},{"airportCode":"AMA","airportName":"Amarillo, TX"},{"airportCode":"ANC","airportName":"Anchorage, AK"},{"airportCode":"AVL","airportName":"Asheville, NC"},{"airportCode":"ASE","airportName":"Aspen, CO"},{"airportCode":"AHN","airportName":"Athens, GA"},{"airportCode":"ATL","airportName":"Atlanta, GA"},{"airportCode":"AIY","airportName":"Atlantic City, NJ"},{"airportCode":"AUS","airportName":"Austin, TX"},{"airportCode":"BWI","airportName":"Baltimore, MD"},{"airportCode":"BTR","airportName":"Baton Rouge, LA"},{"airportCode":"BHM","airportName":"Birmingham, AL"},{"airportCode":"BMI","airportName":"Bloomington, IL"},{"airportCode":"BOI","airportName":"Boise, ID"},{"airportCode":"BOS","airportName":"Boston, MA"},{"airportCode":"WBU","airportName":"Boulder, CO"},{"airportCode":"BWG","airportName":"Bowling Green, KY"},{"airportCode":"BZN","airportName":"Bozeman, MT"},{"airportCode":"BTV","airportName":"Burlington, VT"},{"airportCode":"BTM","airportName":"Butte, MT"},{"airportCode":"CLD","airportName":"Carlsbad, CA"},{"airportCode":"CID","airportName":"Cedar Rapids, IA"},{"airportCode":"CMI","airportName":"Champaign/Urbana, IL"},{"airportCode":"CHS","airportName":"Charleston, SC"},{"airportCode":"CLT","airportName":"Charlotte, NC"},{"airportCode":"CHO","airportName":"Charlottesville, VA"},{"airportCode":"CHA","airportName":"Chattanooga, TN"},{"airportCode":"MDW","airportName":"Chicago, IL (Midway)"},{"airportCode":"ORD","airportName":"Chicago, IL (O'Hare)"},{"airportCode":"CVG","airportName":"Cincinnati, OH"},{"airportCode":"PIE","airportName":"Clearwater/St Petersburg, FL, USA"},{"airportCode":"CLE","airportName":"Cleveland, OH, USA"},{"airportCode":"CMH","airportName":"Columbus, OH, USA"},{"airportCode":"DFW","airportName":"Dallas/Fort Worth, TX, USA"},{"airportCode":"DAY","airportName":"Dayton, OH, USA"},{"airportCode":"DEN","airportName":"Denver, CO, USA"},{"airportCode":"DTW","airportName":"Detroit, MI, USA"},{"airportCode":"RDU","airportName":"Raleigh/Durham, NC, USA"},{"airportCode":"ELP","airportName":"El Paso, TX, USA"},{"airportCode":"FYV","airportName":"Fayetteville, AR, USA"},{"airportCode":"FLG","airportName":"Flagstaff, AZ, USA"},{"airportCode":"FLL","airportName":"Fort Lauderdale, FL, USA"},{"airportCode":"GYY","airportName":"Gary, IN, USA"},{"airportCode":"GRB","airportName":"Green Bay, WI, USA"},{"airportCode":"GSO","airportName":"Greensboro, NC, USA"},{"airportCode":"MDT","airportName":"Harrisburg, PA, USA"},{"airportCode":"HOU","airportName":"Houston, TX (Hobby), USA"},{"airportCode":"HSV","airportName":"Huntsville, AL, USA"},{"airportCode":"IND","airportName":"Indianapolis, IN, USA"},{"airportCode":"JAC","airportName":"Jackson Hole, WY, USA"},{"airportCode":"OGG","airportName":"Kahului, HI, USA"},{"airportCode":"AZO","airportName":"Kalamazoo, MI, USA"},{"airportCode":"MCI","airportName":"Kansas City, MO, USA"},{"airportCode":"EYW","airportName":"Key West, FL, USA"},{"airportCode":"LNS","airportName":"Lancaster, PA, USA"},{"airportCode":"LAS","airportName":"Las Vegas, NV, USA"},{"airportCode":"LNK","airportName":"Lincoln, NE, USA"},{"airportCode":"LHR","airportName":"London/Heathrow, UK"},{"airportCode":"LGB","airportName":"Long Beach, CA, USA"},{"airportCode":"LAX","airportName":"Los Angeles, CA, USA"},{"airportCode":"MSN","airportName":"Madison, WI, USA"},{"airportCode":"MIA","airportName":"Miami, FL, USA"},{"airportCode":"MSP","airportName":"Minneapolis, MN, USA"},{"airportCode":"MOB","airportName":"Mobile, AL, USA"},{"airportCode":"MSL","airportName":"Muscle Shoals, AL, USA"},{"airportCode":"BNA","airportName":"Nashville, TN, USA"},{"airportCode":"MSY","airportName":"New Orleans, LA, USA"},{"airportCode":"JFK","airportName":"New York, NY (Kennedy), USA"},{"airportCode":"LGA","airportName":"New York, NY (La Guardia), USA"},{"airportCode":"EWR","airportName":"Newark, NJ, USA"},{"airportCode":"ORF","airportName":"Norfolk, VA, USA"},{"airportCode":"OAK","airportName":"Oakland, CA, USA"},{"airportCode":"OKC","airportName":"Oklahoma City, OK, USA"},{"airportCode":"OMA","airportName":"Omaha, NE, USA"},{"airportCode":"SNA","airportName":"Orange County, CA, USA"},{"airportCode":"ORL","airportName":"Orlando, FL (Herndon), USA"},{"airportCode":"PFN","airportName":"Panama City, FL, USA"},{"airportCode":"PHL","airportName":"Philadelphia, PA, USA"},{"airportCode":"PHX","airportName":"Phoenix, AZ, USA"},{"airportCode":"PIT","airportName":"Pittsburgh, PA, USA"},{"airportCode":"PDX","airportName":"Portland, OR, USA"},{"airportCode":"PVD","airportName":"Providence, RI, USA"},{"airportCode":"RIC","airportName":"Richmond, VA, USA"},{"airportCode":"SLC","airportName":"Salt Lake City, UT, USA"},{"airportCode":"SAN","airportName":"San Diego, CA, USA"},{"airportCode":"SFO","airportName":"San Francisco, CA, USA"},{"airportCode":"SJC","airportName":"San Jose, CA, USA"},{"airportCode":"SBA","airportName":"Santa Barbara, CA, USA"},{"airportCode":"SDL","airportName":"Scottsdale, AZ, USA"},{"airportCode":"AVP","airportName":"Scranton, PA, USA"},{"airportCode":"SEA","airportName":"Seattle, WA, USA"},{"airportCode":"SYR","airportName":"Syracuse, NY, USA"},{"airportCode":"TPA","airportName":"Tampa, FL, USA"},{"airportCode":"TUS","airportName":"Tucson, AZ, USA"},{"airportCode":"IAD","airportName":"Washington DC (Dulles), USA"},{"airportCode":"DCA","airportName":"Washington DC (National), USA"},{"airportCode":"ICT","airportName":"Wichita, KS, USA"}]
    Forwarded URL = null
   Redirected URL = null
          Cookies = []
]]></system-out>
  <system-err><![CDATA[]]></system-err>
</testsuite>
