<?xml version="1.0" encoding="UTF-8"?>
<testsuite name="booking.exchange.ExchangeRepositoryTests" tests="1" skipped="0" failures="0" errors="0" timestamp="2021-03-15T16:50:33" hostname="Hannahs-MacBook-Pro-2.local" time="0.059">
  <properties/>
  <testcase name="testFindExchangeRate()" classname="booking.exchange.ExchangeRepositoryTests" time="0.059"/>
  <system-out><![CDATA[2021-03-15 11:50:32.635  INFO 71217 --- [    Test worker] b.t.a.o.j.DataJpaTestContextBootstrapper : Neither @ContextConfiguration nor @ContextHierarchy found for test class [booking.exchange.ExchangeRepositoryTests], using SpringBootContextLoader
2021-03-15 11:50:32.636  INFO 71217 --- [    Test worker] o.s.t.c.support.AbstractContextLoader    : Could not detect default resource locations for test class [booking.exchange.ExchangeRepositoryTests]: no resource found for suffixes {-context.xml, Context.groovy}.
2021-03-15 11:50:32.637  INFO 71217 --- [    Test worker] t.c.s.AnnotationConfigContextLoaderUtils : Could not detect default configuration classes for test class [booking.exchange.ExchangeRepositoryTests]: ExchangeRepositoryTests does not declare any static, non-private, non-final, nested classes annotated with @Configuration.
2021-03-15 11:50:32.653  INFO 71217 --- [    Test worker] .b.t.c.SpringBootTestContextBootstrapper : Found @SpringBootConfiguration booking.TripApplication for test class booking.exchange.ExchangeRepositoryTests
2021-03-15 11:50:32.654  INFO 71217 --- [    Test worker] b.t.a.o.j.DataJpaTestContextBootstrapper : Loaded default TestExecutionListener class names from location [META-INF/spring.factories]: [org.springframework.boot.test.autoconfigure.restdocs.RestDocsTestExecutionListener, org.springframework.boot.test.autoconfigure.web.client.MockRestServiceServerResetTestExecutionListener, org.springframework.boot.test.autoconfigure.web.servlet.MockMvcPrintOnlyOnFailureTestExecutionListener, org.springframework.boot.test.autoconfigure.web.servlet.WebDriverTestExecutionListener, org.springframework.boot.test.autoconfigure.webservices.client.MockWebServiceServerTestExecutionListener, org.springframework.boot.test.mock.mockito.MockitoTestExecutionListener, org.springframework.boot.test.mock.mockito.ResetMocksTestExecutionListener, org.springframework.test.context.web.ServletTestExecutionListener, org.springframework.test.context.support.DirtiesContextBeforeModesTestExecutionListener, org.springframework.test.context.event.ApplicationEventsTestExecutionListener, org.springframework.test.context.support.DependencyInjectionTestExecutionListener, org.springframework.test.context.support.DirtiesContextTestExecutionListener, org.springframework.test.context.transaction.TransactionalTestExecutionListener, org.springframework.test.context.jdbc.SqlScriptsTestExecutionListener, org.springframework.test.context.event.EventPublishingTestExecutionListener]
2021-03-15 11:50:32.655  INFO 71217 --- [    Test worker] b.t.a.o.j.DataJpaTestContextBootstrapper : Using TestExecutionListeners: [org.springframework.test.context.web.ServletTestExecutionListener@7b6a0f96, org.springframework.test.context.support.DirtiesContextBeforeModesTestExecutionListener@7b0b622f, org.springframework.test.context.event.ApplicationEventsTestExecutionListener@2a9a86ed, org.springframework.boot.test.mock.mockito.MockitoTestExecutionListener@71d55a28, org.springframework.boot.test.autoconfigure.SpringBootDependencyInjectionTestExecutionListener@5ae8fd3b, org.springframework.test.context.support.DirtiesContextTestExecutionListener@7a52f653, org.springframework.test.context.transaction.TransactionalTestExecutionListener@401aa1a, org.springframework.test.context.jdbc.SqlScriptsTestExecutionListener@5fdeb4a8, org.springframework.test.context.event.EventPublishingTestExecutionListener@42c28b4d, org.springframework.boot.test.autoconfigure.restdocs.RestDocsTestExecutionListener@2f4f1d28, org.springframework.boot.test.autoconfigure.web.client.MockRestServiceServerResetTestExecutionListener@261723a1, org.springframework.boot.test.autoconfigure.web.servlet.MockMvcPrintOnlyOnFailureTestExecutionListener@c46b83f, org.springframework.boot.test.autoconfigure.web.servlet.WebDriverTestExecutionListener@5a08d219, org.springframework.boot.test.autoconfigure.webservices.client.MockWebServiceServerTestExecutionListener@d79222d, org.springframework.boot.test.mock.mockito.ResetMocksTestExecutionListener@126c1208]

  .   ____          _            __ _ _
 /\\ / ___'_ __ _ _(_)_ __  __ _ \ \ \ \
( ( )\___ | '_ | '_| | '_ \/ _` | \ \ \ \
 \\/  ___)| |_)| | | | | || (_| |  ) ) ) )
  '  |____| .__|_| |_|_| |_\__, | / / / /
 =========|_|==============|___/=/_/_/_/
 :: Spring Boot ::                (v2.4.3)

2021-03-15 11:50:32.684  INFO 71217 --- [    Test worker] b.exchange.ExchangeRepositoryTests       : Starting ExchangeRepositoryTests using Java 11.0.10 on Hannahs-MacBook-Pro-2.local with PID 71217 (started by hannahschrager in /Users/hannahschrager/Desktop/Independent Study/booking-monolithic)
2021-03-15 11:50:32.685  INFO 71217 --- [    Test worker] b.exchange.ExchangeRepositoryTests       : No active profile set, falling back to default profiles: default
2021-03-15 11:50:32.772  INFO 71217 --- [    Test worker] .s.d.r.c.RepositoryConfigurationDelegate : Bootstrapping Spring Data JPA repositories in DEFAULT mode.
2021-03-15 11:50:32.786  INFO 71217 --- [    Test worker] .s.d.r.c.RepositoryConfigurationDelegate : Finished Spring Data repository scanning in 13 ms. Found 3 JPA repository interfaces.
2021-03-15 11:50:32.805  INFO 71217 --- [    Test worker] beddedDataSourceBeanFactoryPostProcessor : Replacing 'dataSource' DataSource bean with embedded version
2021-03-15 11:50:32.828  INFO 71217 --- [    Test worker] o.s.j.d.e.EmbeddedDatabaseFactory        : Starting embedded database: url='jdbc:h2:mem:0423da4c-e814-4677-ad8f-2e913d0c017e;DB_CLOSE_DELAY=-1;DB_CLOSE_ON_EXIT=false', username='sa'
2021-03-15 11:50:32.886  INFO 71217 --- [    Test worker] o.hibernate.jpa.internal.util.LogHelper  : HHH000204: Processing PersistenceUnitInfo [name: default]
2021-03-15 11:50:32.892  INFO 71217 --- [    Test worker] org.hibernate.dialect.Dialect            : HHH000400: Using dialect: org.hibernate.dialect.H2Dialect
2021-03-15 11:50:32.928  INFO 71217 --- [    Test worker] o.h.e.t.j.p.i.JtaPlatformInitiator       : HHH000490: Using JtaPlatform implementation: [org.hibernate.engine.transaction.jta.platform.internal.NoJtaPlatform]
2021-03-15 11:50:32.928  INFO 71217 --- [    Test worker] j.LocalContainerEntityManagerFactoryBean : Initialized JPA EntityManagerFactory for persistence unit 'default'
2021-03-15 11:50:33.055  INFO 71217 --- [    Test worker] b.exchange.ExchangeRepositoryTests       : Started ExchangeRepositoryTests in 0.397 seconds (JVM running for 8.83)
2021-03-15 11:50:33.066  INFO 71217 --- [    Test worker] o.s.t.c.transaction.TransactionContext   : Began transaction (1) for test context [DefaultTestContext@38fac8cc testClass = ExchangeRepositoryTests, testInstance = booking.exchange.ExchangeRepositoryTests@1bb81e70, testMethod = testFindExchangeRate@ExchangeRepositoryTests, testException = [null], mergedContextConfiguration = [MergedContextConfiguration@3aeaea63 testClass = ExchangeRepositoryTests, locations = '{}', classes = '{class booking.TripApplication}', contextInitializerClasses = '[]', activeProfiles = '{}', propertySourceLocations = '{}', propertySourceProperties = '{spring.datasource.schema=, spring.datasource.data=, org.springframework.boot.test.autoconfigure.orm.jpa.DataJpaTestContextBootstrapper=true}', contextCustomizers = set[org.springframework.boot.test.autoconfigure.OverrideAutoConfigurationContextCustomizerFactory$DisableAutoConfigurationContextCustomizer@3cf9834a, org.springframework.boot.test.autoconfigure.actuate.metrics.MetricsExportContextCustomizerFactory$DisableMetricExportContextCustomizer@ad6ded5, org.springframework.boot.test.autoconfigure.filter.TypeExcludeFiltersContextCustomizer@351584c0, org.springframework.boot.test.autoconfigure.properties.PropertyMappingContextCustomizer@54543a8d, org.springframework.boot.test.autoconfigure.web.servlet.WebDriverContextCustomizerFactory$Customizer@537e695d, [ImportsContextCustomizer@79c6d838 key = [org.springframework.boot.autoconfigure.cache.CacheAutoConfiguration, org.springframework.boot.autoconfigure.data.jpa.JpaRepositoriesAutoConfiguration, org.springframework.boot.autoconfigure.flyway.FlywayAutoConfiguration, org.springframework.boot.autoconfigure.jdbc.DataSourceAutoConfiguration, org.springframework.boot.autoconfigure.jdbc.DataSourceTransactionManagerAutoConfiguration, org.springframework.boot.autoconfigure.jdbc.JdbcTemplateAutoConfiguration, org.springframework.boot.autoconfigure.liquibase.LiquibaseAutoConfiguration, org.springframework.boot.autoconfigure.orm.jpa.HibernateJpaAutoConfiguration, org.springframework.boot.autoconfigure.transaction.TransactionAutoConfiguration, org.springframework.boot.test.autoconfigure.jdbc.TestDatabaseAutoConfiguration, org.springframework.boot.test.autoconfigure.orm.jpa.TestEntityManagerAutoConfiguration]], org.springframework.boot.test.context.filter.ExcludeFilterContextCustomizer@13b3ae1f, org.springframework.boot.test.json.DuplicateJsonObjectContextCustomizerFactory$DuplicateJsonObjectContextCustomizer@12df7a76, org.springframework.boot.test.mock.mockito.MockitoContextCustomizer@0, org.springframework.boot.test.context.SpringBootTestArgs@1, org.springframework.boot.test.context.SpringBootTestWebEnvironment@0], contextLoader = 'org.springframework.boot.test.context.SpringBootContextLoader', parent = [null]], attributes = map['org.springframework.test.context.event.ApplicationEventsTestExecutionListener.recordApplicationEvents' -> false]]; transaction manager [org.springframework.orm.jpa.JpaTransactionManager@127520f]; rollback [true]
2021-03-15 11:50:33.116  INFO 71217 --- [    Test worker] o.s.t.c.transaction.TransactionContext   : Rolled back transaction for test: [DefaultTestContext@38fac8cc testClass = ExchangeRepositoryTests, testInstance = booking.exchange.ExchangeRepositoryTests@1bb81e70, testMethod = testFindExchangeRate@ExchangeRepositoryTests, testException = [null], mergedContextConfiguration = [MergedContextConfiguration@3aeaea63 testClass = ExchangeRepositoryTests, locations = '{}', classes = '{class booking.TripApplication}', contextInitializerClasses = '[]', activeProfiles = '{}', propertySourceLocations = '{}', propertySourceProperties = '{spring.datasource.schema=, spring.datasource.data=, org.springframework.boot.test.autoconfigure.orm.jpa.DataJpaTestContextBootstrapper=true}', contextCustomizers = set[org.springframework.boot.test.autoconfigure.OverrideAutoConfigurationContextCustomizerFactory$DisableAutoConfigurationContextCustomizer@3cf9834a, org.springframework.boot.test.autoconfigure.actuate.metrics.MetricsExportContextCustomizerFactory$DisableMetricExportContextCustomizer@ad6ded5, org.springframework.boot.test.autoconfigure.filter.TypeExcludeFiltersContextCustomizer@351584c0, org.springframework.boot.test.autoconfigure.properties.PropertyMappingContextCustomizer@54543a8d, org.springframework.boot.test.autoconfigure.web.servlet.WebDriverContextCustomizerFactory$Customizer@537e695d, [ImportsContextCustomizer@79c6d838 key = [org.springframework.boot.autoconfigure.cache.CacheAutoConfiguration, org.springframework.boot.autoconfigure.data.jpa.JpaRepositoriesAutoConfiguration, org.springframework.boot.autoconfigure.flyway.FlywayAutoConfiguration, org.springframework.boot.autoconfigure.jdbc.DataSourceAutoConfiguration, org.springframework.boot.autoconfigure.jdbc.DataSourceTransactionManagerAutoConfiguration, org.springframework.boot.autoconfigure.jdbc.JdbcTemplateAutoConfiguration, org.springframework.boot.autoconfigure.liquibase.LiquibaseAutoConfiguration, org.springframework.boot.autoconfigure.orm.jpa.HibernateJpaAutoConfiguration, org.springframework.boot.autoconfigure.transaction.TransactionAutoConfiguration, org.springframework.boot.test.autoconfigure.jdbc.TestDatabaseAutoConfiguration, org.springframework.boot.test.autoconfigure.orm.jpa.TestEntityManagerAutoConfiguration]], org.springframework.boot.test.context.filter.ExcludeFilterContextCustomizer@13b3ae1f, org.springframework.boot.test.json.DuplicateJsonObjectContextCustomizerFactory$DuplicateJsonObjectContextCustomizer@12df7a76, org.springframework.boot.test.mock.mockito.MockitoContextCustomizer@0, org.springframework.boot.test.context.SpringBootTestArgs@1, org.springframework.boot.test.context.SpringBootTestWebEnvironment@0], contextLoader = 'org.springframework.boot.test.context.SpringBootContextLoader', parent = [null]], attributes = map['org.springframework.test.context.event.ApplicationEventsTestExecutionListener.recordApplicationEvents' -> false]]
]]></system-out>
  <system-err><![CDATA[]]></system-err>
</testsuite>
